2021-07-08 12:20:50.556 [main] WARN  org.mybatis.spring.mapper.ClassPathMapperScanner - No MyBatis mapper was found in '[com.pzhu.youzaiyouzai.supermarket.admin]' package. Please check your configuration.
2021-07-08 12:20:50.554 [main] WARN  org.mybatis.spring.mapper.ClassPathMapperScanner - No MyBatis mapper was found in '[com.pzhu.youzaiyouzai.supermarket.user]' package. Please check your configuration.
2021-07-08 12:20:59.871 [main] WARN  s.d.s.w.readers.parameter.ParameterDataTypeReader - Trying to infer dataType java.lang.Integer[]
2021-07-08 12:32:57.142 [http-nio-8081-exec-2] WARN  com.zaxxer.hikari.pool.PoolBase - HikariPool-1 - Failed to validate connection com.mysql.jdbc.JDBC4Connection@495df4a0 (No operations allowed after connection closed.). Possibly consider using a shorter maxLifetime value.
2021-07-08 12:32:57.147 [http-nio-8081-exec-2] WARN  com.zaxxer.hikari.pool.PoolBase - HikariPool-1 - Failed to validate connection com.mysql.jdbc.JDBC4Connection@41f909e (No operations allowed after connection closed.). Possibly consider using a shorter maxLifetime value.
2021-07-08 12:32:57.149 [http-nio-8081-exec-2] WARN  com.zaxxer.hikari.pool.PoolBase - HikariPool-1 - Failed to validate connection com.mysql.jdbc.JDBC4Connection@22c18c49 (No operations allowed after connection closed.). Possibly consider using a shorter maxLifetime value.
2021-07-08 12:32:57.152 [http-nio-8081-exec-2] WARN  com.zaxxer.hikari.pool.PoolBase - HikariPool-1 - Failed to validate connection com.mysql.jdbc.JDBC4Connection@4a4dbdce (No operations allowed after connection closed.). Possibly consider using a shorter maxLifetime value.
2021-07-08 12:32:57.153 [http-nio-8081-exec-2] WARN  com.zaxxer.hikari.pool.PoolBase - HikariPool-1 - Failed to validate connection com.mysql.jdbc.JDBC4Connection@c7f5644 (No operations allowed after connection closed.). Possibly consider using a shorter maxLifetime value.
2021-07-08 12:32:57.155 [http-nio-8081-exec-2] WARN  com.zaxxer.hikari.pool.PoolBase - HikariPool-1 - Failed to validate connection com.mysql.jdbc.JDBC4Connection@749cbc35 (No operations allowed after connection closed.). Possibly consider using a shorter maxLifetime value.
2021-07-08 12:32:57.156 [http-nio-8081-exec-2] WARN  com.zaxxer.hikari.pool.PoolBase - HikariPool-1 - Failed to validate connection com.mysql.jdbc.JDBC4Connection@5a91c52b (No operations allowed after connection closed.). Possibly consider using a shorter maxLifetime value.
2021-07-08 12:32:57.157 [http-nio-8081-exec-2] WARN  com.zaxxer.hikari.pool.PoolBase - HikariPool-1 - Failed to validate connection com.mysql.jdbc.JDBC4Connection@7d15a07a (No operations allowed after connection closed.). Possibly consider using a shorter maxLifetime value.
2021-07-08 12:32:57.159 [http-nio-8081-exec-2] WARN  com.zaxxer.hikari.pool.PoolBase - HikariPool-1 - Failed to validate connection com.mysql.jdbc.JDBC4Connection@bae14ea (No operations allowed after connection closed.). Possibly consider using a shorter maxLifetime value.
2021-07-08 12:32:57.160 [http-nio-8081-exec-2] WARN  com.zaxxer.hikari.pool.PoolBase - HikariPool-1 - Failed to validate connection com.mysql.jdbc.JDBC4Connection@1ac27cbe (No operations allowed after connection closed.). Possibly consider using a shorter maxLifetime value.
2021-07-08 12:32:57.161 [http-nio-8081-exec-2] WARN  com.zaxxer.hikari.pool.PoolBase - HikariPool-1 - Failed to validate connection com.mysql.jdbc.JDBC4Connection@4eae5a50 (No operations allowed after connection closed.). Possibly consider using a shorter maxLifetime value.
2021-07-08 12:32:57.163 [http-nio-8081-exec-2] WARN  com.zaxxer.hikari.pool.PoolBase - HikariPool-1 - Failed to validate connection com.mysql.jdbc.JDBC4Connection@1e68258f (No operations allowed after connection closed.). Possibly consider using a shorter maxLifetime value.
2021-07-08 12:32:57.165 [http-nio-8081-exec-2] WARN  com.zaxxer.hikari.pool.PoolBase - HikariPool-1 - Failed to validate connection com.mysql.jdbc.JDBC4Connection@651a6bec (No operations allowed after connection closed.). Possibly consider using a shorter maxLifetime value.
2021-07-08 12:32:57.167 [http-nio-8081-exec-2] WARN  com.zaxxer.hikari.pool.PoolBase - HikariPool-1 - Failed to validate connection com.mysql.jdbc.JDBC4Connection@6c34cc7d (No operations allowed after connection closed.). Possibly consider using a shorter maxLifetime value.
2021-07-08 12:32:57.168 [http-nio-8081-exec-2] WARN  com.zaxxer.hikari.pool.PoolBase - HikariPool-1 - Failed to validate connection com.mysql.jdbc.JDBC4Connection@50f46771 (No operations allowed after connection closed.). Possibly consider using a shorter maxLifetime value.
2021-07-08 12:32:57.170 [http-nio-8081-exec-2] WARN  com.zaxxer.hikari.pool.PoolBase - HikariPool-1 - Failed to validate connection com.mysql.jdbc.JDBC4Connection@73814fdd (No operations allowed after connection closed.). Possibly consider using a shorter maxLifetime value.
2021-07-08 12:32:57.171 [http-nio-8081-exec-2] WARN  com.zaxxer.hikari.pool.PoolBase - HikariPool-1 - Failed to validate connection com.mysql.jdbc.JDBC4Connection@3d7133 (No operations allowed after connection closed.). Possibly consider using a shorter maxLifetime value.
2021-07-08 12:32:57.172 [http-nio-8081-exec-2] WARN  com.zaxxer.hikari.pool.PoolBase - HikariPool-1 - Failed to validate connection com.mysql.jdbc.JDBC4Connection@74032705 (No operations allowed after connection closed.). Possibly consider using a shorter maxLifetime value.
2021-07-08 12:32:57.173 [http-nio-8081-exec-2] WARN  com.zaxxer.hikari.pool.PoolBase - HikariPool-1 - Failed to validate connection com.mysql.jdbc.JDBC4Connection@2c1aeb21 (No operations allowed after connection closed.). Possibly consider using a shorter maxLifetime value.
2021-07-08 12:32:57.175 [http-nio-8081-exec-2] WARN  com.zaxxer.hikari.pool.PoolBase - HikariPool-1 - Failed to validate connection com.mysql.jdbc.JDBC4Connection@551ca6d8 (No operations allowed after connection closed.). Possibly consider using a shorter maxLifetime value.
2021-07-08 12:32:57.176 [http-nio-8081-exec-2] WARN  com.zaxxer.hikari.pool.PoolBase - HikariPool-1 - Failed to validate connection com.mysql.jdbc.JDBC4Connection@3ec3f1a1 (No operations allowed after connection closed.). Possibly consider using a shorter maxLifetime value.
2021-07-08 12:34:04.422 [http-nio-8081-exec-4] WARN  com.zaxxer.hikari.pool.PoolBase - HikariPool-1 - Failed to validate connection com.mysql.jdbc.JDBC4Connection@4c96b494 (No operations allowed after connection closed.). Possibly consider using a shorter maxLifetime value.
2021-07-08 12:34:04.423 [http-nio-8081-exec-4] WARN  com.zaxxer.hikari.pool.PoolBase - HikariPool-1 - Failed to validate connection com.mysql.jdbc.JDBC4Connection@2ed7d2ca (No operations allowed after connection closed.). Possibly consider using a shorter maxLifetime value.
2021-07-08 12:34:04.425 [http-nio-8081-exec-4] WARN  com.zaxxer.hikari.pool.PoolBase - HikariPool-1 - Failed to validate connection com.mysql.jdbc.JDBC4Connection@2e59c8ec (No operations allowed after connection closed.). Possibly consider using a shorter maxLifetime value.
2021-07-08 12:34:04.426 [http-nio-8081-exec-4] WARN  com.zaxxer.hikari.pool.PoolBase - HikariPool-1 - Failed to validate connection com.mysql.jdbc.JDBC4Connection@5792fba7 (No operations allowed after connection closed.). Possibly consider using a shorter maxLifetime value.
2021-07-08 12:34:04.427 [http-nio-8081-exec-4] WARN  com.zaxxer.hikari.pool.PoolBase - HikariPool-1 - Failed to validate connection com.mysql.jdbc.JDBC4Connection@7e74702f (No operations allowed after connection closed.). Possibly consider using a shorter maxLifetime value.
2021-07-08 12:34:04.428 [http-nio-8081-exec-4] WARN  com.zaxxer.hikari.pool.PoolBase - HikariPool-1 - Failed to validate connection com.mysql.jdbc.JDBC4Connection@6e25aca9 (No operations allowed after connection closed.). Possibly consider using a shorter maxLifetime value.
2021-07-08 12:34:04.430 [http-nio-8081-exec-4] WARN  com.zaxxer.hikari.pool.PoolBase - HikariPool-1 - Failed to validate connection com.mysql.jdbc.JDBC4Connection@e5b0729 (No operations allowed after connection closed.). Possibly consider using a shorter maxLifetime value.
2021-07-08 12:34:04.432 [http-nio-8081-exec-4] WARN  com.zaxxer.hikari.pool.PoolBase - HikariPool-1 - Failed to validate connection com.mysql.jdbc.JDBC4Connection@4ed49a86 (No operations allowed after connection closed.). Possibly consider using a shorter maxLifetime value.
2021-07-08 12:34:04.434 [http-nio-8081-exec-4] WARN  com.zaxxer.hikari.pool.PoolBase - HikariPool-1 - Failed to validate connection com.mysql.jdbc.JDBC4Connection@137c6e7b (No operations allowed after connection closed.). Possibly consider using a shorter maxLifetime value.
2021-07-08 12:34:04.435 [http-nio-8081-exec-4] WARN  com.zaxxer.hikari.pool.PoolBase - HikariPool-1 - Failed to validate connection com.mysql.jdbc.JDBC4Connection@50ffc859 (No operations allowed after connection closed.). Possibly consider using a shorter maxLifetime value.
2021-07-08 12:34:04.436 [http-nio-8081-exec-4] WARN  com.zaxxer.hikari.pool.PoolBase - HikariPool-1 - Failed to validate connection com.mysql.jdbc.JDBC4Connection@6cbff20 (No operations allowed after connection closed.). Possibly consider using a shorter maxLifetime value.
2021-07-08 12:34:04.437 [http-nio-8081-exec-4] WARN  com.zaxxer.hikari.pool.PoolBase - HikariPool-1 - Failed to validate connection com.mysql.jdbc.JDBC4Connection@6c2145d5 (No operations allowed after connection closed.). Possibly consider using a shorter maxLifetime value.
2021-07-08 12:34:04.438 [http-nio-8081-exec-4] WARN  com.zaxxer.hikari.pool.PoolBase - HikariPool-1 - Failed to validate connection com.mysql.jdbc.JDBC4Connection@1cdef19c (No operations allowed after connection closed.). Possibly consider using a shorter maxLifetime value.
2021-07-08 12:34:04.439 [http-nio-8081-exec-4] WARN  com.zaxxer.hikari.pool.PoolBase - HikariPool-1 - Failed to validate connection com.mysql.jdbc.JDBC4Connection@324d5f5e (No operations allowed after connection closed.). Possibly consider using a shorter maxLifetime value.
2021-07-08 12:34:04.440 [http-nio-8081-exec-4] WARN  com.zaxxer.hikari.pool.PoolBase - HikariPool-1 - Failed to validate connection com.mysql.jdbc.JDBC4Connection@6ba684c8 (No operations allowed after connection closed.). Possibly consider using a shorter maxLifetime value.
2021-07-08 12:34:04.441 [http-nio-8081-exec-4] WARN  com.zaxxer.hikari.pool.PoolBase - HikariPool-1 - Failed to validate connection com.mysql.jdbc.JDBC4Connection@dcf6b84 (No operations allowed after connection closed.). Possibly consider using a shorter maxLifetime value.
2021-07-08 12:34:04.442 [http-nio-8081-exec-4] WARN  com.zaxxer.hikari.pool.PoolBase - HikariPool-1 - Failed to validate connection com.mysql.jdbc.JDBC4Connection@66f629b0 (No operations allowed after connection closed.). Possibly consider using a shorter maxLifetime value.
2021-07-08 12:34:04.442 [http-nio-8081-exec-4] WARN  com.zaxxer.hikari.pool.PoolBase - HikariPool-1 - Failed to validate connection com.mysql.jdbc.JDBC4Connection@3e993d9f (No operations allowed after connection closed.). Possibly consider using a shorter maxLifetime value.
2021-07-08 12:34:04.443 [http-nio-8081-exec-4] WARN  com.zaxxer.hikari.pool.PoolBase - HikariPool-1 - Failed to validate connection com.mysql.jdbc.JDBC4Connection@61466e40 (No operations allowed after connection closed.). Possibly consider using a shorter maxLifetime value.
2021-07-08 12:34:04.444 [http-nio-8081-exec-4] WARN  com.zaxxer.hikari.pool.PoolBase - HikariPool-1 - Failed to validate connection com.mysql.jdbc.JDBC4Connection@17a3aaa7 (No operations allowed after connection closed.). Possibly consider using a shorter maxLifetime value.
2021-07-08 12:36:55.919 [http-nio-8081-exec-5] WARN  com.zaxxer.hikari.pool.PoolBase - HikariPool-1 - Failed to validate connection com.mysql.jdbc.JDBC4Connection@1f1ebb12 (No operations allowed after connection closed.). Possibly consider using a shorter maxLifetime value.
2021-07-08 12:36:55.921 [http-nio-8081-exec-5] WARN  com.zaxxer.hikari.pool.PoolBase - HikariPool-1 - Failed to validate connection com.mysql.jdbc.JDBC4Connection@15e6d062 (No operations allowed after connection closed.). Possibly consider using a shorter maxLifetime value.
2021-07-08 12:36:55.923 [http-nio-8081-exec-5] WARN  com.zaxxer.hikari.pool.PoolBase - HikariPool-1 - Failed to validate connection com.mysql.jdbc.JDBC4Connection@50e44cba (No operations allowed after connection closed.). Possibly consider using a shorter maxLifetime value.
2021-07-08 12:36:55.924 [http-nio-8081-exec-5] WARN  com.zaxxer.hikari.pool.PoolBase - HikariPool-1 - Failed to validate connection com.mysql.jdbc.JDBC4Connection@3ac8bb9f (No operations allowed after connection closed.). Possibly consider using a shorter maxLifetime value.
2021-07-08 12:36:55.925 [http-nio-8081-exec-5] WARN  com.zaxxer.hikari.pool.PoolBase - HikariPool-1 - Failed to validate connection com.mysql.jdbc.JDBC4Connection@617e1f09 (No operations allowed after connection closed.). Possibly consider using a shorter maxLifetime value.
2021-07-08 12:36:55.926 [http-nio-8081-exec-5] WARN  com.zaxxer.hikari.pool.PoolBase - HikariPool-1 - Failed to validate connection com.mysql.jdbc.JDBC4Connection@42b8b684 (No operations allowed after connection closed.). Possibly consider using a shorter maxLifetime value.
2021-07-08 12:36:55.927 [http-nio-8081-exec-5] WARN  com.zaxxer.hikari.pool.PoolBase - HikariPool-1 - Failed to validate connection com.mysql.jdbc.JDBC4Connection@30cbb3f5 (No operations allowed after connection closed.). Possibly consider using a shorter maxLifetime value.
2021-07-08 12:36:55.928 [http-nio-8081-exec-5] WARN  com.zaxxer.hikari.pool.PoolBase - HikariPool-1 - Failed to validate connection com.mysql.jdbc.JDBC4Connection@4fa0e230 (No operations allowed after connection closed.). Possibly consider using a shorter maxLifetime value.
2021-07-08 12:36:55.930 [http-nio-8081-exec-5] WARN  com.zaxxer.hikari.pool.PoolBase - HikariPool-1 - Failed to validate connection com.mysql.jdbc.JDBC4Connection@5eb73a9a (No operations allowed after connection closed.). Possibly consider using a shorter maxLifetime value.
2021-07-08 12:36:55.930 [http-nio-8081-exec-5] WARN  com.zaxxer.hikari.pool.PoolBase - HikariPool-1 - Failed to validate connection com.mysql.jdbc.JDBC4Connection@59bcbb5e (No operations allowed after connection closed.). Possibly consider using a shorter maxLifetime value.
2021-07-08 12:36:55.931 [http-nio-8081-exec-5] WARN  com.zaxxer.hikari.pool.PoolBase - HikariPool-1 - Failed to validate connection com.mysql.jdbc.JDBC4Connection@3485ef87 (No operations allowed after connection closed.). Possibly consider using a shorter maxLifetime value.
2021-07-08 12:36:55.932 [http-nio-8081-exec-5] WARN  com.zaxxer.hikari.pool.PoolBase - HikariPool-1 - Failed to validate connection com.mysql.jdbc.JDBC4Connection@7c7c2a45 (No operations allowed after connection closed.). Possibly consider using a shorter maxLifetime value.
2021-07-08 12:36:55.934 [http-nio-8081-exec-5] WARN  com.zaxxer.hikari.pool.PoolBase - HikariPool-1 - Failed to validate connection com.mysql.jdbc.JDBC4Connection@1b78bcba (No operations allowed after connection closed.). Possibly consider using a shorter maxLifetime value.
2021-07-08 12:36:55.935 [http-nio-8081-exec-5] WARN  com.zaxxer.hikari.pool.PoolBase - HikariPool-1 - Failed to validate connection com.mysql.jdbc.JDBC4Connection@272282c0 (No operations allowed after connection closed.). Possibly consider using a shorter maxLifetime value.
2021-07-08 12:36:55.936 [http-nio-8081-exec-5] WARN  com.zaxxer.hikari.pool.PoolBase - HikariPool-1 - Failed to validate connection com.mysql.jdbc.JDBC4Connection@3c40b874 (No operations allowed after connection closed.). Possibly consider using a shorter maxLifetime value.
2021-07-08 12:36:55.937 [http-nio-8081-exec-5] WARN  com.zaxxer.hikari.pool.PoolBase - HikariPool-1 - Failed to validate connection com.mysql.jdbc.JDBC4Connection@217393bb (No operations allowed after connection closed.). Possibly consider using a shorter maxLifetime value.
2021-07-08 12:36:55.939 [http-nio-8081-exec-5] WARN  com.zaxxer.hikari.pool.PoolBase - HikariPool-1 - Failed to validate connection com.mysql.jdbc.JDBC4Connection@7fb06643 (No operations allowed after connection closed.). Possibly consider using a shorter maxLifetime value.
2021-07-08 12:36:55.940 [http-nio-8081-exec-5] WARN  com.zaxxer.hikari.pool.PoolBase - HikariPool-1 - Failed to validate connection com.mysql.jdbc.JDBC4Connection@4c37dff7 (No operations allowed after connection closed.). Possibly consider using a shorter maxLifetime value.
2021-07-08 12:36:55.941 [http-nio-8081-exec-5] WARN  com.zaxxer.hikari.pool.PoolBase - HikariPool-1 - Failed to validate connection com.mysql.jdbc.JDBC4Connection@758d5d1d (No operations allowed after connection closed.). Possibly consider using a shorter maxLifetime value.
2021-07-08 12:36:55.942 [http-nio-8081-exec-5] WARN  com.zaxxer.hikari.pool.PoolBase - HikariPool-1 - Failed to validate connection com.mysql.jdbc.JDBC4Connection@48dee65c (No operations allowed after connection closed.). Possibly consider using a shorter maxLifetime value.
2021-07-08 12:36:55.944 [http-nio-8081-exec-5] WARN  com.zaxxer.hikari.pool.PoolBase - HikariPool-1 - Failed to validate connection com.mysql.jdbc.JDBC4Connection@34a0137a (No operations allowed after connection closed.). Possibly consider using a shorter maxLifetime value.
2021-07-08 12:37:07.706 [http-nio-8081-exec-3] WARN  com.zaxxer.hikari.pool.PoolBase - HikariPool-1 - Failed to validate connection com.mysql.jdbc.JDBC4Connection@6cb53c1b (No operations allowed after connection closed.). Possibly consider using a shorter maxLifetime value.
2021-07-08 12:37:07.708 [http-nio-8081-exec-3] WARN  com.zaxxer.hikari.pool.PoolBase - HikariPool-1 - Failed to validate connection com.mysql.jdbc.JDBC4Connection@79717a3b (No operations allowed after connection closed.). Possibly consider using a shorter maxLifetime value.
2021-07-08 12:37:07.710 [http-nio-8081-exec-3] WARN  com.zaxxer.hikari.pool.PoolBase - HikariPool-1 - Failed to validate connection com.mysql.jdbc.JDBC4Connection@3bb10720 (No operations allowed after connection closed.). Possibly consider using a shorter maxLifetime value.
2021-07-08 12:37:07.712 [http-nio-8081-exec-3] WARN  com.zaxxer.hikari.pool.PoolBase - HikariPool-1 - Failed to validate connection com.mysql.jdbc.JDBC4Connection@7ea1a1a9 (No operations allowed after connection closed.). Possibly consider using a shorter maxLifetime value.
2021-07-08 12:37:07.713 [http-nio-8081-exec-3] WARN  com.zaxxer.hikari.pool.PoolBase - HikariPool-1 - Failed to validate connection com.mysql.jdbc.JDBC4Connection@2d00c160 (No operations allowed after connection closed.). Possibly consider using a shorter maxLifetime value.
2021-07-08 12:37:07.715 [http-nio-8081-exec-3] WARN  com.zaxxer.hikari.pool.PoolBase - HikariPool-1 - Failed to validate connection com.mysql.jdbc.JDBC4Connection@5fd2d659 (No operations allowed after connection closed.). Possibly consider using a shorter maxLifetime value.
2021-07-08 12:37:07.716 [http-nio-8081-exec-3] WARN  com.zaxxer.hikari.pool.PoolBase - HikariPool-1 - Failed to validate connection com.mysql.jdbc.JDBC4Connection@6c694284 (No operations allowed after connection closed.). Possibly consider using a shorter maxLifetime value.
2021-07-08 12:37:07.718 [http-nio-8081-exec-3] WARN  com.zaxxer.hikari.pool.PoolBase - HikariPool-1 - Failed to validate connection com.mysql.jdbc.JDBC4Connection@1f361a49 (No operations allowed after connection closed.). Possibly consider using a shorter maxLifetime value.
2021-07-08 12:37:07.719 [http-nio-8081-exec-3] WARN  com.zaxxer.hikari.pool.PoolBase - HikariPool-1 - Failed to validate connection com.mysql.jdbc.JDBC4Connection@3496d30e (No operations allowed after connection closed.). Possibly consider using a shorter maxLifetime value.
2021-07-08 12:37:07.720 [http-nio-8081-exec-3] WARN  com.zaxxer.hikari.pool.PoolBase - HikariPool-1 - Failed to validate connection com.mysql.jdbc.JDBC4Connection@7dbfbbdb (No operations allowed after connection closed.). Possibly consider using a shorter maxLifetime value.
2021-07-08 12:37:07.720 [http-nio-8081-exec-3] WARN  com.zaxxer.hikari.pool.PoolBase - HikariPool-1 - Failed to validate connection com.mysql.jdbc.JDBC4Connection@5b64bb8a (No operations allowed after connection closed.). Possibly consider using a shorter maxLifetime value.
2021-07-08 12:37:07.721 [http-nio-8081-exec-3] WARN  com.zaxxer.hikari.pool.PoolBase - HikariPool-1 - Failed to validate connection com.mysql.jdbc.JDBC4Connection@742f06fd (No operations allowed after connection closed.). Possibly consider using a shorter maxLifetime value.
2021-07-08 12:37:07.723 [http-nio-8081-exec-3] WARN  com.zaxxer.hikari.pool.PoolBase - HikariPool-1 - Failed to validate connection com.mysql.jdbc.JDBC4Connection@7623b5d5 (No operations allowed after connection closed.). Possibly consider using a shorter maxLifetime value.
2021-07-08 12:37:07.724 [http-nio-8081-exec-3] WARN  com.zaxxer.hikari.pool.PoolBase - HikariPool-1 - Failed to validate connection com.mysql.jdbc.JDBC4Connection@7642a9a9 (No operations allowed after connection closed.). Possibly consider using a shorter maxLifetime value.
2021-07-08 12:37:07.725 [http-nio-8081-exec-3] WARN  com.zaxxer.hikari.pool.PoolBase - HikariPool-1 - Failed to validate connection com.mysql.jdbc.JDBC4Connection@884e400 (No operations allowed after connection closed.). Possibly consider using a shorter maxLifetime value.
2021-07-08 12:37:07.726 [http-nio-8081-exec-3] WARN  com.zaxxer.hikari.pool.PoolBase - HikariPool-1 - Failed to validate connection com.mysql.jdbc.JDBC4Connection@4100303 (No operations allowed after connection closed.). Possibly consider using a shorter maxLifetime value.
2021-07-08 12:37:07.728 [http-nio-8081-exec-3] WARN  com.zaxxer.hikari.pool.PoolBase - HikariPool-1 - Failed to validate connection com.mysql.jdbc.JDBC4Connection@6f769349 (No operations allowed after connection closed.). Possibly consider using a shorter maxLifetime value.
2021-07-08 12:37:07.729 [http-nio-8081-exec-3] WARN  com.zaxxer.hikari.pool.PoolBase - HikariPool-1 - Failed to validate connection com.mysql.jdbc.JDBC4Connection@c9a60ef (No operations allowed after connection closed.). Possibly consider using a shorter maxLifetime value.
2021-07-08 12:37:07.730 [http-nio-8081-exec-3] WARN  com.zaxxer.hikari.pool.PoolBase - HikariPool-1 - Failed to validate connection com.mysql.jdbc.JDBC4Connection@23912198 (No operations allowed after connection closed.). Possibly consider using a shorter maxLifetime value.
2021-07-08 12:37:07.732 [http-nio-8081-exec-3] WARN  com.zaxxer.hikari.pool.PoolBase - HikariPool-1 - Failed to validate connection com.mysql.jdbc.JDBC4Connection@271d26f2 (No operations allowed after connection closed.). Possibly consider using a shorter maxLifetime value.
2021-07-08 12:38:24.390 [http-nio-8081-exec-2] WARN  com.zaxxer.hikari.pool.PoolBase - HikariPool-1 - Failed to validate connection com.mysql.jdbc.JDBC4Connection@18372168 (No operations allowed after connection closed.). Possibly consider using a shorter maxLifetime value.
2021-07-08 12:38:24.392 [http-nio-8081-exec-2] WARN  com.zaxxer.hikari.pool.PoolBase - HikariPool-1 - Failed to validate connection com.mysql.jdbc.JDBC4Connection@44234e34 (No operations allowed after connection closed.). Possibly consider using a shorter maxLifetime value.
2021-07-08 12:38:24.393 [http-nio-8081-exec-2] WARN  com.zaxxer.hikari.pool.PoolBase - HikariPool-1 - Failed to validate connection com.mysql.jdbc.JDBC4Connection@78bdd03 (No operations allowed after connection closed.). Possibly consider using a shorter maxLifetime value.
2021-07-08 12:38:24.394 [http-nio-8081-exec-2] WARN  com.zaxxer.hikari.pool.PoolBase - HikariPool-1 - Failed to validate connection com.mysql.jdbc.JDBC4Connection@269680fb (No operations allowed after connection closed.). Possibly consider using a shorter maxLifetime value.
2021-07-08 12:38:24.394 [http-nio-8081-exec-2] WARN  com.zaxxer.hikari.pool.PoolBase - HikariPool-1 - Failed to validate connection com.mysql.jdbc.JDBC4Connection@5b9ac02a (No operations allowed after connection closed.). Possibly consider using a shorter maxLifetime value.
2021-07-08 12:38:24.395 [http-nio-8081-exec-2] WARN  com.zaxxer.hikari.pool.PoolBase - HikariPool-1 - Failed to validate connection com.mysql.jdbc.JDBC4Connection@5967783 (No operations allowed after connection closed.). Possibly consider using a shorter maxLifetime value.
2021-07-08 12:38:24.397 [http-nio-8081-exec-2] WARN  com.zaxxer.hikari.pool.PoolBase - HikariPool-1 - Failed to validate connection com.mysql.jdbc.JDBC4Connection@5cacd1f7 (No operations allowed after connection closed.). Possibly consider using a shorter maxLifetime value.
2021-07-08 12:38:24.398 [http-nio-8081-exec-2] WARN  com.zaxxer.hikari.pool.PoolBase - HikariPool-1 - Failed to validate connection com.mysql.jdbc.JDBC4Connection@4eaf13c1 (No operations allowed after connection closed.). Possibly consider using a shorter maxLifetime value.
2021-07-08 12:38:24.399 [http-nio-8081-exec-2] WARN  com.zaxxer.hikari.pool.PoolBase - HikariPool-1 - Failed to validate connection com.mysql.jdbc.JDBC4Connection@43b901ae (No operations allowed after connection closed.). Possibly consider using a shorter maxLifetime value.
2021-07-08 12:38:24.400 [http-nio-8081-exec-2] WARN  com.zaxxer.hikari.pool.PoolBase - HikariPool-1 - Failed to validate connection com.mysql.jdbc.JDBC4Connection@75254c35 (No operations allowed after connection closed.). Possibly consider using a shorter maxLifetime value.
2021-07-08 12:38:24.400 [http-nio-8081-exec-2] WARN  com.zaxxer.hikari.pool.PoolBase - HikariPool-1 - Failed to validate connection com.mysql.jdbc.JDBC4Connection@4f3c180f (No operations allowed after connection closed.). Possibly consider using a shorter maxLifetime value.
2021-07-08 12:38:24.401 [http-nio-8081-exec-2] WARN  com.zaxxer.hikari.pool.PoolBase - HikariPool-1 - Failed to validate connection com.mysql.jdbc.JDBC4Connection@79bb2b32 (No operations allowed after connection closed.). Possibly consider using a shorter maxLifetime value.
2021-07-08 12:38:24.402 [http-nio-8081-exec-2] WARN  com.zaxxer.hikari.pool.PoolBase - HikariPool-1 - Failed to validate connection com.mysql.jdbc.JDBC4Connection@7284e1da (No operations allowed after connection closed.). Possibly consider using a shorter maxLifetime value.
2021-07-08 12:38:24.403 [http-nio-8081-exec-2] WARN  com.zaxxer.hikari.pool.PoolBase - HikariPool-1 - Failed to validate connection com.mysql.jdbc.JDBC4Connection@2d1f5f5b (No operations allowed after connection closed.). Possibly consider using a shorter maxLifetime value.
2021-07-08 12:38:24.404 [http-nio-8081-exec-2] WARN  com.zaxxer.hikari.pool.PoolBase - HikariPool-1 - Failed to validate connection com.mysql.jdbc.JDBC4Connection@2ccc697 (No operations allowed after connection closed.). Possibly consider using a shorter maxLifetime value.
2021-07-08 12:38:24.405 [http-nio-8081-exec-2] WARN  com.zaxxer.hikari.pool.PoolBase - HikariPool-1 - Failed to validate connection com.mysql.jdbc.JDBC4Connection@228e9f47 (No operations allowed after connection closed.). Possibly consider using a shorter maxLifetime value.
2021-07-08 12:38:24.406 [http-nio-8081-exec-2] WARN  com.zaxxer.hikari.pool.PoolBase - HikariPool-1 - Failed to validate connection com.mysql.jdbc.JDBC4Connection@77d130fd (No operations allowed after connection closed.). Possibly consider using a shorter maxLifetime value.
2021-07-08 12:38:24.407 [http-nio-8081-exec-2] WARN  com.zaxxer.hikari.pool.PoolBase - HikariPool-1 - Failed to validate connection com.mysql.jdbc.JDBC4Connection@20e35cdb (No operations allowed after connection closed.). Possibly consider using a shorter maxLifetime value.
2021-07-08 12:38:24.408 [http-nio-8081-exec-2] WARN  com.zaxxer.hikari.pool.PoolBase - HikariPool-1 - Failed to validate connection com.mysql.jdbc.JDBC4Connection@447fce2e (No operations allowed after connection closed.). Possibly consider using a shorter maxLifetime value.
2021-07-08 12:38:24.409 [http-nio-8081-exec-2] WARN  com.zaxxer.hikari.pool.PoolBase - HikariPool-1 - Failed to validate connection com.mysql.jdbc.JDBC4Connection@12dd0541 (No operations allowed after connection closed.). Possibly consider using a shorter maxLifetime value.
2021-07-08 12:38:24.410 [http-nio-8081-exec-2] WARN  com.zaxxer.hikari.pool.PoolBase - HikariPool-1 - Failed to validate connection com.mysql.jdbc.JDBC4Connection@6c75893f (No operations allowed after connection closed.). Possibly consider using a shorter maxLifetime value.
2021-07-08 12:42:40.383 [http-nio-8082-exec-7] WARN  com.zaxxer.hikari.pool.PoolBase - HikariPool-1 - Failed to validate connection com.mysql.jdbc.JDBC4Connection@2f23a022 (No operations allowed after connection closed.). Possibly consider using a shorter maxLifetime value.
2021-07-08 12:42:40.386 [http-nio-8082-exec-7] WARN  com.zaxxer.hikari.pool.PoolBase - HikariPool-1 - Failed to validate connection com.mysql.jdbc.JDBC4Connection@5f385d3d (No operations allowed after connection closed.). Possibly consider using a shorter maxLifetime value.
2021-07-08 12:42:40.387 [http-nio-8082-exec-7] WARN  com.zaxxer.hikari.pool.PoolBase - HikariPool-1 - Failed to validate connection com.mysql.jdbc.JDBC4Connection@6d28c448 (No operations allowed after connection closed.). Possibly consider using a shorter maxLifetime value.
2021-07-08 12:42:40.389 [http-nio-8082-exec-7] WARN  com.zaxxer.hikari.pool.PoolBase - HikariPool-1 - Failed to validate connection com.mysql.jdbc.JDBC4Connection@3d346971 (No operations allowed after connection closed.). Possibly consider using a shorter maxLifetime value.
2021-07-08 12:42:40.390 [http-nio-8082-exec-7] WARN  com.zaxxer.hikari.pool.PoolBase - HikariPool-1 - Failed to validate connection com.mysql.jdbc.JDBC4Connection@395eba01 (No operations allowed after connection closed.). Possibly consider using a shorter maxLifetime value.
2021-07-08 12:42:40.391 [http-nio-8082-exec-7] WARN  com.zaxxer.hikari.pool.PoolBase - HikariPool-1 - Failed to validate connection com.mysql.jdbc.JDBC4Connection@2412c9a2 (No operations allowed after connection closed.). Possibly consider using a shorter maxLifetime value.
2021-07-08 12:42:40.392 [http-nio-8082-exec-7] WARN  com.zaxxer.hikari.pool.PoolBase - HikariPool-1 - Failed to validate connection com.mysql.jdbc.JDBC4Connection@f3343ec (No operations allowed after connection closed.). Possibly consider using a shorter maxLifetime value.
2021-07-08 12:42:40.393 [http-nio-8082-exec-7] WARN  com.zaxxer.hikari.pool.PoolBase - HikariPool-1 - Failed to validate connection com.mysql.jdbc.JDBC4Connection@11d2dc9a (No operations allowed after connection closed.). Possibly consider using a shorter maxLifetime value.
2021-07-08 12:42:40.395 [http-nio-8082-exec-7] WARN  com.zaxxer.hikari.pool.PoolBase - HikariPool-1 - Failed to validate connection com.mysql.jdbc.JDBC4Connection@5d10f213 (No operations allowed after connection closed.). Possibly consider using a shorter maxLifetime value.
2021-07-08 12:42:40.395 [http-nio-8082-exec-7] WARN  com.zaxxer.hikari.pool.PoolBase - HikariPool-1 - Failed to validate connection com.mysql.jdbc.JDBC4Connection@6ffd6fca (No operations allowed after connection closed.). Possibly consider using a shorter maxLifetime value.
2021-07-08 12:42:40.396 [http-nio-8082-exec-7] WARN  com.zaxxer.hikari.pool.PoolBase - HikariPool-1 - Failed to validate connection com.mysql.jdbc.JDBC4Connection@7a446dfa (No operations allowed after connection closed.). Possibly consider using a shorter maxLifetime value.
2021-07-08 12:42:40.397 [http-nio-8082-exec-7] WARN  com.zaxxer.hikari.pool.PoolBase - HikariPool-1 - Failed to validate connection com.mysql.jdbc.JDBC4Connection@7d754824 (No operations allowed after connection closed.). Possibly consider using a shorter maxLifetime value.
2021-07-08 12:42:40.398 [http-nio-8082-exec-7] WARN  com.zaxxer.hikari.pool.PoolBase - HikariPool-1 - Failed to validate connection com.mysql.jdbc.JDBC4Connection@27afbdf3 (No operations allowed after connection closed.). Possibly consider using a shorter maxLifetime value.
2021-07-08 12:42:40.400 [http-nio-8082-exec-7] WARN  com.zaxxer.hikari.pool.PoolBase - HikariPool-1 - Failed to validate connection com.mysql.jdbc.JDBC4Connection@23a815f3 (No operations allowed after connection closed.). Possibly consider using a shorter maxLifetime value.
2021-07-08 12:42:40.401 [http-nio-8082-exec-7] WARN  com.zaxxer.hikari.pool.PoolBase - HikariPool-1 - Failed to validate connection com.mysql.jdbc.JDBC4Connection@7a5a87c1 (No operations allowed after connection closed.). Possibly consider using a shorter maxLifetime value.
2021-07-08 12:42:40.402 [http-nio-8082-exec-7] WARN  com.zaxxer.hikari.pool.PoolBase - HikariPool-1 - Failed to validate connection com.mysql.jdbc.JDBC4Connection@14c7303d (No operations allowed after connection closed.). Possibly consider using a shorter maxLifetime value.
2021-07-08 12:42:40.403 [http-nio-8082-exec-7] WARN  com.zaxxer.hikari.pool.PoolBase - HikariPool-1 - Failed to validate connection com.mysql.jdbc.JDBC4Connection@3a8dd9eb (No operations allowed after connection closed.). Possibly consider using a shorter maxLifetime value.
2021-07-08 12:42:40.405 [http-nio-8082-exec-7] WARN  com.zaxxer.hikari.pool.PoolBase - HikariPool-1 - Failed to validate connection com.mysql.jdbc.JDBC4Connection@59f13588 (No operations allowed after connection closed.). Possibly consider using a shorter maxLifetime value.
2021-07-08 12:42:40.406 [http-nio-8082-exec-7] WARN  com.zaxxer.hikari.pool.PoolBase - HikariPool-1 - Failed to validate connection com.mysql.jdbc.JDBC4Connection@339d340d (No operations allowed after connection closed.). Possibly consider using a shorter maxLifetime value.
2021-07-08 12:42:40.407 [http-nio-8082-exec-7] WARN  com.zaxxer.hikari.pool.PoolBase - HikariPool-1 - Failed to validate connection com.mysql.jdbc.JDBC4Connection@1ef6ac9b (No operations allowed after connection closed.). Possibly consider using a shorter maxLifetime value.
2021-07-08 12:43:09.241 [http-nio-8082-exec-5] WARN  com.zaxxer.hikari.pool.PoolBase - HikariPool-1 - Failed to validate connection com.mysql.jdbc.JDBC4Connection@5e50f363 (No operations allowed after connection closed.). Possibly consider using a shorter maxLifetime value.
2021-07-08 12:43:09.243 [http-nio-8082-exec-5] WARN  com.zaxxer.hikari.pool.PoolBase - HikariPool-1 - Failed to validate connection com.mysql.jdbc.JDBC4Connection@2f46c62d (No operations allowed after connection closed.). Possibly consider using a shorter maxLifetime value.
2021-07-08 12:43:09.244 [http-nio-8082-exec-5] WARN  com.zaxxer.hikari.pool.PoolBase - HikariPool-1 - Failed to validate connection com.mysql.jdbc.JDBC4Connection@48ddb3b7 (No operations allowed after connection closed.). Possibly consider using a shorter maxLifetime value.
2021-07-08 12:43:09.245 [http-nio-8082-exec-5] WARN  com.zaxxer.hikari.pool.PoolBase - HikariPool-1 - Failed to validate connection com.mysql.jdbc.JDBC4Connection@114f8a24 (No operations allowed after connection closed.). Possibly consider using a shorter maxLifetime value.
2021-07-08 12:43:09.247 [http-nio-8082-exec-5] WARN  com.zaxxer.hikari.pool.PoolBase - HikariPool-1 - Failed to validate connection com.mysql.jdbc.JDBC4Connection@203dc7bc (No operations allowed after connection closed.). Possibly consider using a shorter maxLifetime value.
2021-07-08 12:43:09.248 [http-nio-8082-exec-5] WARN  com.zaxxer.hikari.pool.PoolBase - HikariPool-1 - Failed to validate connection com.mysql.jdbc.JDBC4Connection@39531a38 (No operations allowed after connection closed.). Possibly consider using a shorter maxLifetime value.
2021-07-08 12:43:09.250 [http-nio-8082-exec-5] WARN  com.zaxxer.hikari.pool.PoolBase - HikariPool-1 - Failed to validate connection com.mysql.jdbc.JDBC4Connection@1c3656ae (No operations allowed after connection closed.). Possibly consider using a shorter maxLifetime value.
2021-07-08 12:43:09.251 [http-nio-8082-exec-5] WARN  com.zaxxer.hikari.pool.PoolBase - HikariPool-1 - Failed to validate connection com.mysql.jdbc.JDBC4Connection@71c5e1a6 (No operations allowed after connection closed.). Possibly consider using a shorter maxLifetime value.
2021-07-08 12:43:09.252 [http-nio-8082-exec-5] WARN  com.zaxxer.hikari.pool.PoolBase - HikariPool-1 - Failed to validate connection com.mysql.jdbc.JDBC4Connection@3f0bd805 (No operations allowed after connection closed.). Possibly consider using a shorter maxLifetime value.
2021-07-08 12:43:09.254 [http-nio-8082-exec-5] WARN  com.zaxxer.hikari.pool.PoolBase - HikariPool-1 - Failed to validate connection com.mysql.jdbc.JDBC4Connection@1e288706 (No operations allowed after connection closed.). Possibly consider using a shorter maxLifetime value.
2021-07-08 12:43:09.255 [http-nio-8082-exec-5] WARN  com.zaxxer.hikari.pool.PoolBase - HikariPool-1 - Failed to validate connection com.mysql.jdbc.JDBC4Connection@3005314b (No operations allowed after connection closed.). Possibly consider using a shorter maxLifetime value.
2021-07-08 12:43:09.257 [http-nio-8082-exec-5] WARN  com.zaxxer.hikari.pool.PoolBase - HikariPool-1 - Failed to validate connection com.mysql.jdbc.JDBC4Connection@6e132e3c (No operations allowed after connection closed.). Possibly consider using a shorter maxLifetime value.
2021-07-08 12:43:09.258 [http-nio-8082-exec-5] WARN  com.zaxxer.hikari.pool.PoolBase - HikariPool-1 - Failed to validate connection com.mysql.jdbc.JDBC4Connection@fb9080b (No operations allowed after connection closed.). Possibly consider using a shorter maxLifetime value.
2021-07-08 12:43:09.259 [http-nio-8082-exec-5] WARN  com.zaxxer.hikari.pool.PoolBase - HikariPool-1 - Failed to validate connection com.mysql.jdbc.JDBC4Connection@5573be4d (No operations allowed after connection closed.). Possibly consider using a shorter maxLifetime value.
2021-07-08 12:43:09.260 [http-nio-8082-exec-5] WARN  com.zaxxer.hikari.pool.PoolBase - HikariPool-1 - Failed to validate connection com.mysql.jdbc.JDBC4Connection@4ce552c1 (No operations allowed after connection closed.). Possibly consider using a shorter maxLifetime value.
2021-07-08 12:43:09.261 [http-nio-8082-exec-5] WARN  com.zaxxer.hikari.pool.PoolBase - HikariPool-1 - Failed to validate connection com.mysql.jdbc.JDBC4Connection@3bf0f7af (No operations allowed after connection closed.). Possibly consider using a shorter maxLifetime value.
2021-07-08 12:43:09.262 [http-nio-8082-exec-5] WARN  com.zaxxer.hikari.pool.PoolBase - HikariPool-1 - Failed to validate connection com.mysql.jdbc.JDBC4Connection@7c4e598a (No operations allowed after connection closed.). Possibly consider using a shorter maxLifetime value.
2021-07-08 12:43:09.263 [http-nio-8082-exec-5] WARN  com.zaxxer.hikari.pool.PoolBase - HikariPool-1 - Failed to validate connection com.mysql.jdbc.JDBC4Connection@34070198 (No operations allowed after connection closed.). Possibly consider using a shorter maxLifetime value.
2021-07-08 12:43:09.264 [http-nio-8082-exec-5] WARN  com.zaxxer.hikari.pool.PoolBase - HikariPool-1 - Failed to validate connection com.mysql.jdbc.JDBC4Connection@52123e83 (No operations allowed after connection closed.). Possibly consider using a shorter maxLifetime value.
2021-07-08 12:43:09.265 [http-nio-8082-exec-5] WARN  com.zaxxer.hikari.pool.PoolBase - HikariPool-1 - Failed to validate connection com.mysql.jdbc.JDBC4Connection@6ee3e6e1 (No operations allowed after connection closed.). Possibly consider using a shorter maxLifetime value.
2021-07-08 12:43:46.081 [http-nio-8082-exec-2] WARN  com.zaxxer.hikari.pool.PoolBase - HikariPool-1 - Failed to validate connection com.mysql.jdbc.JDBC4Connection@55e71074 (No operations allowed after connection closed.). Possibly consider using a shorter maxLifetime value.
2021-07-08 12:43:46.083 [http-nio-8082-exec-2] WARN  com.zaxxer.hikari.pool.PoolBase - HikariPool-1 - Failed to validate connection com.mysql.jdbc.JDBC4Connection@6aa4a9d7 (No operations allowed after connection closed.). Possibly consider using a shorter maxLifetime value.
2021-07-08 12:43:46.084 [http-nio-8082-exec-2] WARN  com.zaxxer.hikari.pool.PoolBase - HikariPool-1 - Failed to validate connection com.mysql.jdbc.JDBC4Connection@1acc1585 (No operations allowed after connection closed.). Possibly consider using a shorter maxLifetime value.
2021-07-08 12:43:46.086 [http-nio-8082-exec-2] WARN  com.zaxxer.hikari.pool.PoolBase - HikariPool-1 - Failed to validate connection com.mysql.jdbc.JDBC4Connection@77c5c218 (No operations allowed after connection closed.). Possibly consider using a shorter maxLifetime value.
2021-07-08 12:43:46.088 [http-nio-8082-exec-2] WARN  com.zaxxer.hikari.pool.PoolBase - HikariPool-1 - Failed to validate connection com.mysql.jdbc.JDBC4Connection@4434fb15 (No operations allowed after connection closed.). Possibly consider using a shorter maxLifetime value.
2021-07-08 12:43:46.089 [http-nio-8082-exec-2] WARN  com.zaxxer.hikari.pool.PoolBase - HikariPool-1 - Failed to validate connection com.mysql.jdbc.JDBC4Connection@b110855 (No operations allowed after connection closed.). Possibly consider using a shorter maxLifetime value.
2021-07-08 12:43:46.090 [http-nio-8082-exec-2] WARN  com.zaxxer.hikari.pool.PoolBase - HikariPool-1 - Failed to validate connection com.mysql.jdbc.JDBC4Connection@710b448f (No operations allowed after connection closed.). Possibly consider using a shorter maxLifetime value.
2021-07-08 12:43:46.091 [http-nio-8082-exec-2] WARN  com.zaxxer.hikari.pool.PoolBase - HikariPool-1 - Failed to validate connection com.mysql.jdbc.JDBC4Connection@28878db4 (No operations allowed after connection closed.). Possibly consider using a shorter maxLifetime value.
2021-07-08 12:43:46.092 [http-nio-8082-exec-2] WARN  com.zaxxer.hikari.pool.PoolBase - HikariPool-1 - Failed to validate connection com.mysql.jdbc.JDBC4Connection@4b8827e2 (No operations allowed after connection closed.). Possibly consider using a shorter maxLifetime value.
2021-07-08 12:43:46.093 [http-nio-8082-exec-2] WARN  com.zaxxer.hikari.pool.PoolBase - HikariPool-1 - Failed to validate connection com.mysql.jdbc.JDBC4Connection@48d8dd66 (No operations allowed after connection closed.). Possibly consider using a shorter maxLifetime value.
2021-07-08 12:43:46.094 [http-nio-8082-exec-2] WARN  com.zaxxer.hikari.pool.PoolBase - HikariPool-1 - Failed to validate connection com.mysql.jdbc.JDBC4Connection@635cc7ce (No operations allowed after connection closed.). Possibly consider using a shorter maxLifetime value.
2021-07-08 12:43:46.095 [http-nio-8082-exec-2] WARN  com.zaxxer.hikari.pool.PoolBase - HikariPool-1 - Failed to validate connection com.mysql.jdbc.JDBC4Connection@77221c3c (No operations allowed after connection closed.). Possibly consider using a shorter maxLifetime value.
2021-07-08 12:43:46.096 [http-nio-8082-exec-2] WARN  com.zaxxer.hikari.pool.PoolBase - HikariPool-1 - Failed to validate connection com.mysql.jdbc.JDBC4Connection@7d9f920d (No operations allowed after connection closed.). Possibly consider using a shorter maxLifetime value.
2021-07-08 12:43:46.098 [http-nio-8082-exec-2] WARN  com.zaxxer.hikari.pool.PoolBase - HikariPool-1 - Failed to validate connection com.mysql.jdbc.JDBC4Connection@73224335 (No operations allowed after connection closed.). Possibly consider using a shorter maxLifetime value.
2021-07-08 12:43:46.099 [http-nio-8082-exec-2] WARN  com.zaxxer.hikari.pool.PoolBase - HikariPool-1 - Failed to validate connection com.mysql.jdbc.JDBC4Connection@76458828 (No operations allowed after connection closed.). Possibly consider using a shorter maxLifetime value.
2021-07-08 12:43:46.100 [http-nio-8082-exec-2] WARN  com.zaxxer.hikari.pool.PoolBase - HikariPool-1 - Failed to validate connection com.mysql.jdbc.JDBC4Connection@11e1a920 (No operations allowed after connection closed.). Possibly consider using a shorter maxLifetime value.
2021-07-08 12:43:46.102 [http-nio-8082-exec-2] WARN  com.zaxxer.hikari.pool.PoolBase - HikariPool-1 - Failed to validate connection com.mysql.jdbc.JDBC4Connection@106f4eeb (No operations allowed after connection closed.). Possibly consider using a shorter maxLifetime value.
2021-07-08 12:43:46.103 [http-nio-8082-exec-2] WARN  com.zaxxer.hikari.pool.PoolBase - HikariPool-1 - Failed to validate connection com.mysql.jdbc.JDBC4Connection@71b59c38 (No operations allowed after connection closed.). Possibly consider using a shorter maxLifetime value.
2021-07-08 12:43:46.104 [http-nio-8082-exec-2] WARN  com.zaxxer.hikari.pool.PoolBase - HikariPool-1 - Failed to validate connection com.mysql.jdbc.JDBC4Connection@2b6b4eee (No operations allowed after connection closed.). Possibly consider using a shorter maxLifetime value.
2021-07-08 12:43:46.106 [http-nio-8082-exec-2] WARN  com.zaxxer.hikari.pool.PoolBase - HikariPool-1 - Failed to validate connection com.mysql.jdbc.JDBC4Connection@375f4a0a (No operations allowed after connection closed.). Possibly consider using a shorter maxLifetime value.
