2021-07-06 10:03:25.982 [main] WARN  org.mybatis.spring.mapper.ClassPathMapperScanner - No MyBatis mapper was found in '[com.pzhu.youzaiyouzai.supermarket.admin]' package. Please check your configuration.
2021-07-06 10:03:31.221 [main] WARN  s.d.s.w.readers.parameter.ParameterDataTypeReader - Trying to infer dataType java.lang.Integer[]
2021-07-06 15:09:19.047 [main] WARN  org.mybatis.spring.mapper.ClassPathMapperScanner - No MyBatis mapper was found in '[com.pzhu.youzaiyouzai.supermarket.admin]' package. Please check your configuration.
2021-07-06 15:09:28.774 [main] WARN  s.d.s.w.readers.parameter.ParameterDataTypeReader - Trying to infer dataType java.lang.Integer[]
2021-07-06 15:21:52.537 [http-nio-8081-exec-8] WARN  o.s.w.s.m.support.DefaultHandlerExceptionResolver - Resolved [org.springframework.web.HttpMediaTypeNotSupportedException: Content type 'application/x-www-form-urlencoded;charset=UTF-8' not supported]
2021-07-06 15:22:19.347 [http-nio-8081-exec-3] WARN  o.s.w.s.m.support.DefaultHandlerExceptionResolver - Resolved [org.springframework.web.HttpMediaTypeNotSupportedException: Content type 'multipart/form-data;boundary=--------------------------530112348358253033506512;charset=UTF-8' not supported]
2021-07-06 15:22:55.741 [http-nio-8081-exec-9] WARN  o.s.w.s.m.support.DefaultHandlerExceptionResolver - Resolved [org.springframework.web.HttpMediaTypeNotSupportedException: Content type 'application/x-www-form-urlencoded;charset=UTF-8' not supported]
2021-07-06 15:23:52.744 [http-nio-8081-exec-5] WARN  com.zaxxer.hikari.pool.PoolBase - HikariPool-1 - Failed to validate connection com.mysql.jdbc.JDBC4Connection@38a4aa32 (No operations allowed after connection closed.). Possibly consider using a shorter maxLifetime value.
2021-07-06 15:23:52.746 [http-nio-8081-exec-5] WARN  com.zaxxer.hikari.pool.PoolBase - HikariPool-1 - Failed to validate connection com.mysql.jdbc.JDBC4Connection@2cea317 (No operations allowed after connection closed.). Possibly consider using a shorter maxLifetime value.
2021-07-06 15:23:52.747 [http-nio-8081-exec-5] WARN  com.zaxxer.hikari.pool.PoolBase - HikariPool-1 - Failed to validate connection com.mysql.jdbc.JDBC4Connection@6a2d3fd3 (No operations allowed after connection closed.). Possibly consider using a shorter maxLifetime value.
2021-07-06 15:23:52.748 [http-nio-8081-exec-5] WARN  com.zaxxer.hikari.pool.PoolBase - HikariPool-1 - Failed to validate connection com.mysql.jdbc.JDBC4Connection@7745ed9e (No operations allowed after connection closed.). Possibly consider using a shorter maxLifetime value.
2021-07-06 15:23:52.750 [http-nio-8081-exec-5] WARN  com.zaxxer.hikari.pool.PoolBase - HikariPool-1 - Failed to validate connection com.mysql.jdbc.JDBC4Connection@5d576931 (No operations allowed after connection closed.). Possibly consider using a shorter maxLifetime value.
2021-07-06 15:23:52.751 [http-nio-8081-exec-5] WARN  com.zaxxer.hikari.pool.PoolBase - HikariPool-1 - Failed to validate connection com.mysql.jdbc.JDBC4Connection@2af6af97 (No operations allowed after connection closed.). Possibly consider using a shorter maxLifetime value.
2021-07-06 15:23:52.752 [http-nio-8081-exec-5] WARN  com.zaxxer.hikari.pool.PoolBase - HikariPool-1 - Failed to validate connection com.mysql.jdbc.JDBC4Connection@29a6debd (No operations allowed after connection closed.). Possibly consider using a shorter maxLifetime value.
2021-07-06 15:23:52.754 [http-nio-8081-exec-5] WARN  com.zaxxer.hikari.pool.PoolBase - HikariPool-1 - Failed to validate connection com.mysql.jdbc.JDBC4Connection@71d7ff0a (No operations allowed after connection closed.). Possibly consider using a shorter maxLifetime value.
2021-07-06 15:23:52.755 [http-nio-8081-exec-5] WARN  com.zaxxer.hikari.pool.PoolBase - HikariPool-1 - Failed to validate connection com.mysql.jdbc.JDBC4Connection@172f1ee0 (No operations allowed after connection closed.). Possibly consider using a shorter maxLifetime value.
2021-07-06 15:23:52.757 [http-nio-8081-exec-5] WARN  com.zaxxer.hikari.pool.PoolBase - HikariPool-1 - Failed to validate connection com.mysql.jdbc.JDBC4Connection@83a8185 (No operations allowed after connection closed.). Possibly consider using a shorter maxLifetime value.
2021-07-06 15:23:52.758 [http-nio-8081-exec-5] WARN  com.zaxxer.hikari.pool.PoolBase - HikariPool-1 - Failed to validate connection com.mysql.jdbc.JDBC4Connection@17f6f509 (No operations allowed after connection closed.). Possibly consider using a shorter maxLifetime value.
2021-07-06 15:23:52.760 [http-nio-8081-exec-5] WARN  com.zaxxer.hikari.pool.PoolBase - HikariPool-1 - Failed to validate connection com.mysql.jdbc.JDBC4Connection@59977752 (No operations allowed after connection closed.). Possibly consider using a shorter maxLifetime value.
2021-07-06 15:23:52.772 [http-nio-8081-exec-5] WARN  com.zaxxer.hikari.pool.PoolBase - HikariPool-1 - Failed to validate connection com.mysql.jdbc.JDBC4Connection@3620ba9e (No operations allowed after connection closed.). Possibly consider using a shorter maxLifetime value.
2021-07-06 15:23:52.774 [http-nio-8081-exec-5] WARN  com.zaxxer.hikari.pool.PoolBase - HikariPool-1 - Failed to validate connection com.mysql.jdbc.JDBC4Connection@6a4a2376 (No operations allowed after connection closed.). Possibly consider using a shorter maxLifetime value.
2021-07-06 15:23:52.778 [http-nio-8081-exec-5] WARN  com.zaxxer.hikari.pool.PoolBase - HikariPool-1 - Failed to validate connection com.mysql.jdbc.JDBC4Connection@4ab4cd8b (No operations allowed after connection closed.). Possibly consider using a shorter maxLifetime value.
2021-07-06 15:23:52.779 [http-nio-8081-exec-5] WARN  com.zaxxer.hikari.pool.PoolBase - HikariPool-1 - Failed to validate connection com.mysql.jdbc.JDBC4Connection@287b1e68 (No operations allowed after connection closed.). Possibly consider using a shorter maxLifetime value.
2021-07-06 15:23:52.780 [http-nio-8081-exec-5] WARN  com.zaxxer.hikari.pool.PoolBase - HikariPool-1 - Failed to validate connection com.mysql.jdbc.JDBC4Connection@1bbca5b3 (No operations allowed after connection closed.). Possibly consider using a shorter maxLifetime value.
2021-07-06 15:23:52.781 [http-nio-8081-exec-5] WARN  com.zaxxer.hikari.pool.PoolBase - HikariPool-1 - Failed to validate connection com.mysql.jdbc.JDBC4Connection@20d66421 (No operations allowed after connection closed.). Possibly consider using a shorter maxLifetime value.
2021-07-06 15:23:52.782 [http-nio-8081-exec-5] WARN  com.zaxxer.hikari.pool.PoolBase - HikariPool-1 - Failed to validate connection com.mysql.jdbc.JDBC4Connection@4c622d25 (No operations allowed after connection closed.). Possibly consider using a shorter maxLifetime value.
2021-07-06 15:23:52.784 [http-nio-8081-exec-5] WARN  com.zaxxer.hikari.pool.PoolBase - HikariPool-1 - Failed to validate connection com.mysql.jdbc.JDBC4Connection@3c1af29f (No operations allowed after connection closed.). Possibly consider using a shorter maxLifetime value.
2021-07-06 15:30:55.417 [HikariPool-1 housekeeper] WARN  com.zaxxer.hikari.pool.HikariPool - HikariPool-1 - Thread starvation or clock leap detected (housekeeper delta=2m46s241ms920µs800ns).
2021-07-06 15:31:32.773 [main] WARN  org.mybatis.spring.mapper.ClassPathMapperScanner - No MyBatis mapper was found in '[com.pzhu.youzaiyouzai.supermarket.admin]' package. Please check your configuration.
2021-07-06 15:31:34.898 [main] WARN  s.d.s.w.readers.parameter.ParameterDataTypeReader - Trying to infer dataType java.lang.Integer[]
2021-07-06 15:36:00.655 [http-nio-8081-exec-7] WARN  com.zaxxer.hikari.pool.PoolBase - HikariPool-1 - Failed to validate connection com.mysql.jdbc.JDBC4Connection@e839f79 (No operations allowed after connection closed.). Possibly consider using a shorter maxLifetime value.
2021-07-06 15:36:00.657 [http-nio-8081-exec-7] WARN  com.zaxxer.hikari.pool.PoolBase - HikariPool-1 - Failed to validate connection com.mysql.jdbc.JDBC4Connection@977477a (No operations allowed after connection closed.). Possibly consider using a shorter maxLifetime value.
2021-07-06 15:36:00.659 [http-nio-8081-exec-7] WARN  com.zaxxer.hikari.pool.PoolBase - HikariPool-1 - Failed to validate connection com.mysql.jdbc.JDBC4Connection@1b1d797a (No operations allowed after connection closed.). Possibly consider using a shorter maxLifetime value.
2021-07-06 15:36:00.660 [http-nio-8081-exec-7] WARN  com.zaxxer.hikari.pool.PoolBase - HikariPool-1 - Failed to validate connection com.mysql.jdbc.JDBC4Connection@4557f439 (No operations allowed after connection closed.). Possibly consider using a shorter maxLifetime value.
2021-07-06 15:36:00.661 [http-nio-8081-exec-7] WARN  com.zaxxer.hikari.pool.PoolBase - HikariPool-1 - Failed to validate connection com.mysql.jdbc.JDBC4Connection@294d4319 (No operations allowed after connection closed.). Possibly consider using a shorter maxLifetime value.
2021-07-06 15:36:00.663 [http-nio-8081-exec-7] WARN  com.zaxxer.hikari.pool.PoolBase - HikariPool-1 - Failed to validate connection com.mysql.jdbc.JDBC4Connection@1a329ddd (No operations allowed after connection closed.). Possibly consider using a shorter maxLifetime value.
2021-07-06 15:36:00.664 [http-nio-8081-exec-7] WARN  com.zaxxer.hikari.pool.PoolBase - HikariPool-1 - Failed to validate connection com.mysql.jdbc.JDBC4Connection@6a94e148 (No operations allowed after connection closed.). Possibly consider using a shorter maxLifetime value.
2021-07-06 15:36:00.665 [http-nio-8081-exec-7] WARN  com.zaxxer.hikari.pool.PoolBase - HikariPool-1 - Failed to validate connection com.mysql.jdbc.JDBC4Connection@1098261f (No operations allowed after connection closed.). Possibly consider using a shorter maxLifetime value.
2021-07-06 15:36:00.666 [http-nio-8081-exec-7] WARN  com.zaxxer.hikari.pool.PoolBase - HikariPool-1 - Failed to validate connection com.mysql.jdbc.JDBC4Connection@538eea9e (No operations allowed after connection closed.). Possibly consider using a shorter maxLifetime value.
2021-07-06 15:36:00.668 [http-nio-8081-exec-7] WARN  com.zaxxer.hikari.pool.PoolBase - HikariPool-1 - Failed to validate connection com.mysql.jdbc.JDBC4Connection@5ddc5947 (No operations allowed after connection closed.). Possibly consider using a shorter maxLifetime value.
2021-07-06 15:36:00.669 [http-nio-8081-exec-7] WARN  com.zaxxer.hikari.pool.PoolBase - HikariPool-1 - Failed to validate connection com.mysql.jdbc.JDBC4Connection@108f6d15 (No operations allowed after connection closed.). Possibly consider using a shorter maxLifetime value.
2021-07-06 15:36:00.670 [http-nio-8081-exec-7] WARN  com.zaxxer.hikari.pool.PoolBase - HikariPool-1 - Failed to validate connection com.mysql.jdbc.JDBC4Connection@417609c5 (No operations allowed after connection closed.). Possibly consider using a shorter maxLifetime value.
2021-07-06 15:36:00.671 [http-nio-8081-exec-7] WARN  com.zaxxer.hikari.pool.PoolBase - HikariPool-1 - Failed to validate connection com.mysql.jdbc.JDBC4Connection@6508d16f (No operations allowed after connection closed.). Possibly consider using a shorter maxLifetime value.
2021-07-06 15:36:00.673 [http-nio-8081-exec-7] WARN  com.zaxxer.hikari.pool.PoolBase - HikariPool-1 - Failed to validate connection com.mysql.jdbc.JDBC4Connection@5aa1aae8 (No operations allowed after connection closed.). Possibly consider using a shorter maxLifetime value.
2021-07-06 15:36:00.675 [http-nio-8081-exec-7] WARN  com.zaxxer.hikari.pool.PoolBase - HikariPool-1 - Failed to validate connection com.mysql.jdbc.JDBC4Connection@31ad936c (No operations allowed after connection closed.). Possibly consider using a shorter maxLifetime value.
2021-07-06 15:36:00.677 [http-nio-8081-exec-7] WARN  com.zaxxer.hikari.pool.PoolBase - HikariPool-1 - Failed to validate connection com.mysql.jdbc.JDBC4Connection@3465be0d (No operations allowed after connection closed.). Possibly consider using a shorter maxLifetime value.
2021-07-06 15:36:00.678 [http-nio-8081-exec-7] WARN  com.zaxxer.hikari.pool.PoolBase - HikariPool-1 - Failed to validate connection com.mysql.jdbc.JDBC4Connection@690e6d1e (No operations allowed after connection closed.). Possibly consider using a shorter maxLifetime value.
2021-07-06 15:36:00.679 [http-nio-8081-exec-7] WARN  com.zaxxer.hikari.pool.PoolBase - HikariPool-1 - Failed to validate connection com.mysql.jdbc.JDBC4Connection@deb95e6 (No operations allowed after connection closed.). Possibly consider using a shorter maxLifetime value.
2021-07-06 15:36:00.681 [http-nio-8081-exec-7] WARN  com.zaxxer.hikari.pool.PoolBase - HikariPool-1 - Failed to validate connection com.mysql.jdbc.JDBC4Connection@4b9a25aa (No operations allowed after connection closed.). Possibly consider using a shorter maxLifetime value.
2021-07-06 15:36:00.682 [http-nio-8081-exec-7] WARN  com.zaxxer.hikari.pool.PoolBase - HikariPool-1 - Failed to validate connection com.mysql.jdbc.JDBC4Connection@52967f02 (No operations allowed after connection closed.). Possibly consider using a shorter maxLifetime value.
2021-07-06 15:41:05.144 [HikariPool-1 housekeeper] WARN  com.zaxxer.hikari.pool.HikariPool - HikariPool-1 - Thread starvation or clock leap detected (housekeeper delta=58s810ms738µs100ns).
2021-07-06 15:43:18.901 [http-nio-8081-exec-10] WARN  com.zaxxer.hikari.pool.PoolBase - HikariPool-1 - Failed to validate connection com.mysql.jdbc.JDBC4Connection@28d52c29 (No operations allowed after connection closed.). Possibly consider using a shorter maxLifetime value.
2021-07-06 15:43:18.902 [http-nio-8081-exec-10] WARN  com.zaxxer.hikari.pool.PoolBase - HikariPool-1 - Failed to validate connection com.mysql.jdbc.JDBC4Connection@7b818da6 (No operations allowed after connection closed.). Possibly consider using a shorter maxLifetime value.
2021-07-06 15:43:18.903 [http-nio-8081-exec-10] WARN  com.zaxxer.hikari.pool.PoolBase - HikariPool-1 - Failed to validate connection com.mysql.jdbc.JDBC4Connection@560a07fc (No operations allowed after connection closed.). Possibly consider using a shorter maxLifetime value.
2021-07-06 15:43:18.904 [http-nio-8081-exec-10] WARN  com.zaxxer.hikari.pool.PoolBase - HikariPool-1 - Failed to validate connection com.mysql.jdbc.JDBC4Connection@57bfdd70 (No operations allowed after connection closed.). Possibly consider using a shorter maxLifetime value.
2021-07-06 15:43:18.905 [http-nio-8081-exec-10] WARN  com.zaxxer.hikari.pool.PoolBase - HikariPool-1 - Failed to validate connection com.mysql.jdbc.JDBC4Connection@69301884 (No operations allowed after connection closed.). Possibly consider using a shorter maxLifetime value.
2021-07-06 15:43:18.906 [http-nio-8081-exec-10] WARN  com.zaxxer.hikari.pool.PoolBase - HikariPool-1 - Failed to validate connection com.mysql.jdbc.JDBC4Connection@1eab54b9 (No operations allowed after connection closed.). Possibly consider using a shorter maxLifetime value.
2021-07-06 15:43:18.907 [http-nio-8081-exec-10] WARN  com.zaxxer.hikari.pool.PoolBase - HikariPool-1 - Failed to validate connection com.mysql.jdbc.JDBC4Connection@18989577 (No operations allowed after connection closed.). Possibly consider using a shorter maxLifetime value.
2021-07-06 15:43:18.908 [http-nio-8081-exec-10] WARN  com.zaxxer.hikari.pool.PoolBase - HikariPool-1 - Failed to validate connection com.mysql.jdbc.JDBC4Connection@31658f49 (No operations allowed after connection closed.). Possibly consider using a shorter maxLifetime value.
2021-07-06 15:43:18.909 [http-nio-8081-exec-10] WARN  com.zaxxer.hikari.pool.PoolBase - HikariPool-1 - Failed to validate connection com.mysql.jdbc.JDBC4Connection@58f845d9 (No operations allowed after connection closed.). Possibly consider using a shorter maxLifetime value.
2021-07-06 15:43:18.911 [http-nio-8081-exec-10] WARN  com.zaxxer.hikari.pool.PoolBase - HikariPool-1 - Failed to validate connection com.mysql.jdbc.JDBC4Connection@1c32dce3 (No operations allowed after connection closed.). Possibly consider using a shorter maxLifetime value.
2021-07-06 15:43:18.912 [http-nio-8081-exec-10] WARN  com.zaxxer.hikari.pool.PoolBase - HikariPool-1 - Failed to validate connection com.mysql.jdbc.JDBC4Connection@405dd13f (No operations allowed after connection closed.). Possibly consider using a shorter maxLifetime value.
2021-07-06 15:43:18.913 [http-nio-8081-exec-10] WARN  com.zaxxer.hikari.pool.PoolBase - HikariPool-1 - Failed to validate connection com.mysql.jdbc.JDBC4Connection@5d5f11ba (No operations allowed after connection closed.). Possibly consider using a shorter maxLifetime value.
2021-07-06 15:43:18.914 [http-nio-8081-exec-10] WARN  com.zaxxer.hikari.pool.PoolBase - HikariPool-1 - Failed to validate connection com.mysql.jdbc.JDBC4Connection@47135145 (No operations allowed after connection closed.). Possibly consider using a shorter maxLifetime value.
2021-07-06 15:43:18.915 [http-nio-8081-exec-10] WARN  com.zaxxer.hikari.pool.PoolBase - HikariPool-1 - Failed to validate connection com.mysql.jdbc.JDBC4Connection@4dcc4880 (No operations allowed after connection closed.). Possibly consider using a shorter maxLifetime value.
2021-07-06 15:43:18.916 [http-nio-8081-exec-10] WARN  com.zaxxer.hikari.pool.PoolBase - HikariPool-1 - Failed to validate connection com.mysql.jdbc.JDBC4Connection@6336bc2f (No operations allowed after connection closed.). Possibly consider using a shorter maxLifetime value.
2021-07-06 15:43:18.917 [http-nio-8081-exec-10] WARN  com.zaxxer.hikari.pool.PoolBase - HikariPool-1 - Failed to validate connection com.mysql.jdbc.JDBC4Connection@46c1a332 (No operations allowed after connection closed.). Possibly consider using a shorter maxLifetime value.
2021-07-06 15:43:18.918 [http-nio-8081-exec-10] WARN  com.zaxxer.hikari.pool.PoolBase - HikariPool-1 - Failed to validate connection com.mysql.jdbc.JDBC4Connection@1b854bd6 (No operations allowed after connection closed.). Possibly consider using a shorter maxLifetime value.
2021-07-06 15:43:18.919 [http-nio-8081-exec-10] WARN  com.zaxxer.hikari.pool.PoolBase - HikariPool-1 - Failed to validate connection com.mysql.jdbc.JDBC4Connection@3422986e (No operations allowed after connection closed.). Possibly consider using a shorter maxLifetime value.
2021-07-06 15:43:18.920 [http-nio-8081-exec-10] WARN  com.zaxxer.hikari.pool.PoolBase - HikariPool-1 - Failed to validate connection com.mysql.jdbc.JDBC4Connection@62239d01 (No operations allowed after connection closed.). Possibly consider using a shorter maxLifetime value.
2021-07-06 15:43:18.921 [http-nio-8081-exec-10] WARN  com.zaxxer.hikari.pool.PoolBase - HikariPool-1 - Failed to validate connection com.mysql.jdbc.JDBC4Connection@29b07a44 (No operations allowed after connection closed.). Possibly consider using a shorter maxLifetime value.
2021-07-06 15:43:18.922 [http-nio-8081-exec-10] WARN  com.zaxxer.hikari.pool.PoolBase - HikariPool-1 - Failed to validate connection com.mysql.jdbc.JDBC4Connection@18da5f5f (No operations allowed after connection closed.). Possibly consider using a shorter maxLifetime value.
2021-07-06 15:44:37.564 [http-nio-8081-exec-3] WARN  com.zaxxer.hikari.pool.PoolBase - HikariPool-1 - Failed to validate connection com.mysql.jdbc.JDBC4Connection@3623ff2c (No operations allowed after connection closed.). Possibly consider using a shorter maxLifetime value.
2021-07-06 15:44:37.565 [http-nio-8081-exec-3] WARN  com.zaxxer.hikari.pool.PoolBase - HikariPool-1 - Failed to validate connection com.mysql.jdbc.JDBC4Connection@3cdb945c (No operations allowed after connection closed.). Possibly consider using a shorter maxLifetime value.
2021-07-06 15:44:37.567 [http-nio-8081-exec-3] WARN  com.zaxxer.hikari.pool.PoolBase - HikariPool-1 - Failed to validate connection com.mysql.jdbc.JDBC4Connection@79d91da3 (No operations allowed after connection closed.). Possibly consider using a shorter maxLifetime value.
2021-07-06 15:44:37.568 [http-nio-8081-exec-3] WARN  com.zaxxer.hikari.pool.PoolBase - HikariPool-1 - Failed to validate connection com.mysql.jdbc.JDBC4Connection@50aa572b (No operations allowed after connection closed.). Possibly consider using a shorter maxLifetime value.
2021-07-06 15:44:37.569 [http-nio-8081-exec-3] WARN  com.zaxxer.hikari.pool.PoolBase - HikariPool-1 - Failed to validate connection com.mysql.jdbc.JDBC4Connection@48eac271 (No operations allowed after connection closed.). Possibly consider using a shorter maxLifetime value.
2021-07-06 15:44:37.570 [http-nio-8081-exec-3] WARN  com.zaxxer.hikari.pool.PoolBase - HikariPool-1 - Failed to validate connection com.mysql.jdbc.JDBC4Connection@2873d644 (No operations allowed after connection closed.). Possibly consider using a shorter maxLifetime value.
2021-07-06 15:44:37.571 [http-nio-8081-exec-3] WARN  com.zaxxer.hikari.pool.PoolBase - HikariPool-1 - Failed to validate connection com.mysql.jdbc.JDBC4Connection@19f6e2ec (No operations allowed after connection closed.). Possibly consider using a shorter maxLifetime value.
2021-07-06 15:44:37.572 [http-nio-8081-exec-3] WARN  com.zaxxer.hikari.pool.PoolBase - HikariPool-1 - Failed to validate connection com.mysql.jdbc.JDBC4Connection@1b67edf6 (No operations allowed after connection closed.). Possibly consider using a shorter maxLifetime value.
2021-07-06 15:44:37.573 [http-nio-8081-exec-3] WARN  com.zaxxer.hikari.pool.PoolBase - HikariPool-1 - Failed to validate connection com.mysql.jdbc.JDBC4Connection@5005da1 (No operations allowed after connection closed.). Possibly consider using a shorter maxLifetime value.
2021-07-06 15:44:37.575 [http-nio-8081-exec-3] WARN  com.zaxxer.hikari.pool.PoolBase - HikariPool-1 - Failed to validate connection com.mysql.jdbc.JDBC4Connection@33777ab3 (No operations allowed after connection closed.). Possibly consider using a shorter maxLifetime value.
2021-07-06 15:44:37.576 [http-nio-8081-exec-3] WARN  com.zaxxer.hikari.pool.PoolBase - HikariPool-1 - Failed to validate connection com.mysql.jdbc.JDBC4Connection@1db81fb3 (No operations allowed after connection closed.). Possibly consider using a shorter maxLifetime value.
2021-07-06 15:44:37.577 [http-nio-8081-exec-3] WARN  com.zaxxer.hikari.pool.PoolBase - HikariPool-1 - Failed to validate connection com.mysql.jdbc.JDBC4Connection@399449af (No operations allowed after connection closed.). Possibly consider using a shorter maxLifetime value.
2021-07-06 15:44:37.578 [http-nio-8081-exec-3] WARN  com.zaxxer.hikari.pool.PoolBase - HikariPool-1 - Failed to validate connection com.mysql.jdbc.JDBC4Connection@3efef669 (No operations allowed after connection closed.). Possibly consider using a shorter maxLifetime value.
2021-07-06 15:44:37.579 [http-nio-8081-exec-3] WARN  com.zaxxer.hikari.pool.PoolBase - HikariPool-1 - Failed to validate connection com.mysql.jdbc.JDBC4Connection@36d4a1e7 (No operations allowed after connection closed.). Possibly consider using a shorter maxLifetime value.
2021-07-06 15:44:37.580 [http-nio-8081-exec-3] WARN  com.zaxxer.hikari.pool.PoolBase - HikariPool-1 - Failed to validate connection com.mysql.jdbc.JDBC4Connection@6b4c6509 (No operations allowed after connection closed.). Possibly consider using a shorter maxLifetime value.
2021-07-06 15:44:37.582 [http-nio-8081-exec-3] WARN  com.zaxxer.hikari.pool.PoolBase - HikariPool-1 - Failed to validate connection com.mysql.jdbc.JDBC4Connection@700e90fe (No operations allowed after connection closed.). Possibly consider using a shorter maxLifetime value.
2021-07-06 15:44:37.583 [http-nio-8081-exec-3] WARN  com.zaxxer.hikari.pool.PoolBase - HikariPool-1 - Failed to validate connection com.mysql.jdbc.JDBC4Connection@390a6d28 (No operations allowed after connection closed.). Possibly consider using a shorter maxLifetime value.
2021-07-06 15:44:37.584 [http-nio-8081-exec-3] WARN  com.zaxxer.hikari.pool.PoolBase - HikariPool-1 - Failed to validate connection com.mysql.jdbc.JDBC4Connection@2a422877 (No operations allowed after connection closed.). Possibly consider using a shorter maxLifetime value.
2021-07-06 15:44:37.585 [http-nio-8081-exec-3] WARN  com.zaxxer.hikari.pool.PoolBase - HikariPool-1 - Failed to validate connection com.mysql.jdbc.JDBC4Connection@22ae741b (No operations allowed after connection closed.). Possibly consider using a shorter maxLifetime value.
2021-07-06 15:44:37.587 [http-nio-8081-exec-3] WARN  com.zaxxer.hikari.pool.PoolBase - HikariPool-1 - Failed to validate connection com.mysql.jdbc.JDBC4Connection@262399d0 (No operations allowed after connection closed.). Possibly consider using a shorter maxLifetime value.
2021-07-06 15:44:37.588 [http-nio-8081-exec-3] WARN  com.zaxxer.hikari.pool.PoolBase - HikariPool-1 - Failed to validate connection com.mysql.jdbc.JDBC4Connection@4c2ad311 (No operations allowed after connection closed.). Possibly consider using a shorter maxLifetime value.
2021-07-06 15:44:53.779 [http-nio-8081-exec-4] WARN  com.zaxxer.hikari.pool.PoolBase - HikariPool-1 - Failed to validate connection com.mysql.jdbc.JDBC4Connection@3011facf (No operations allowed after connection closed.). Possibly consider using a shorter maxLifetime value.
2021-07-06 15:44:53.780 [http-nio-8081-exec-4] WARN  com.zaxxer.hikari.pool.PoolBase - HikariPool-1 - Failed to validate connection com.mysql.jdbc.JDBC4Connection@4712409 (No operations allowed after connection closed.). Possibly consider using a shorter maxLifetime value.
2021-07-06 15:44:53.782 [http-nio-8081-exec-4] WARN  com.zaxxer.hikari.pool.PoolBase - HikariPool-1 - Failed to validate connection com.mysql.jdbc.JDBC4Connection@b27e256 (No operations allowed after connection closed.). Possibly consider using a shorter maxLifetime value.
2021-07-06 15:44:53.783 [http-nio-8081-exec-4] WARN  com.zaxxer.hikari.pool.PoolBase - HikariPool-1 - Failed to validate connection com.mysql.jdbc.JDBC4Connection@345fa67f (No operations allowed after connection closed.). Possibly consider using a shorter maxLifetime value.
2021-07-06 15:44:53.785 [http-nio-8081-exec-4] WARN  com.zaxxer.hikari.pool.PoolBase - HikariPool-1 - Failed to validate connection com.mysql.jdbc.JDBC4Connection@5e4e2a56 (No operations allowed after connection closed.). Possibly consider using a shorter maxLifetime value.
2021-07-06 15:44:53.786 [http-nio-8081-exec-4] WARN  com.zaxxer.hikari.pool.PoolBase - HikariPool-1 - Failed to validate connection com.mysql.jdbc.JDBC4Connection@53921cfa (No operations allowed after connection closed.). Possibly consider using a shorter maxLifetime value.
2021-07-06 15:44:53.787 [http-nio-8081-exec-4] WARN  com.zaxxer.hikari.pool.PoolBase - HikariPool-1 - Failed to validate connection com.mysql.jdbc.JDBC4Connection@6793618c (No operations allowed after connection closed.). Possibly consider using a shorter maxLifetime value.
2021-07-06 15:44:53.789 [http-nio-8081-exec-4] WARN  com.zaxxer.hikari.pool.PoolBase - HikariPool-1 - Failed to validate connection com.mysql.jdbc.JDBC4Connection@2eb64f5f (No operations allowed after connection closed.). Possibly consider using a shorter maxLifetime value.
2021-07-06 15:44:53.790 [http-nio-8081-exec-4] WARN  com.zaxxer.hikari.pool.PoolBase - HikariPool-1 - Failed to validate connection com.mysql.jdbc.JDBC4Connection@185dc45 (No operations allowed after connection closed.). Possibly consider using a shorter maxLifetime value.
2021-07-06 15:44:53.792 [http-nio-8081-exec-4] WARN  com.zaxxer.hikari.pool.PoolBase - HikariPool-1 - Failed to validate connection com.mysql.jdbc.JDBC4Connection@42b37543 (No operations allowed after connection closed.). Possibly consider using a shorter maxLifetime value.
2021-07-06 15:44:53.793 [http-nio-8081-exec-4] WARN  com.zaxxer.hikari.pool.PoolBase - HikariPool-1 - Failed to validate connection com.mysql.jdbc.JDBC4Connection@3e50f398 (No operations allowed after connection closed.). Possibly consider using a shorter maxLifetime value.
2021-07-06 15:44:53.795 [http-nio-8081-exec-4] WARN  com.zaxxer.hikari.pool.PoolBase - HikariPool-1 - Failed to validate connection com.mysql.jdbc.JDBC4Connection@22809fba (No operations allowed after connection closed.). Possibly consider using a shorter maxLifetime value.
2021-07-06 15:44:53.796 [http-nio-8081-exec-4] WARN  com.zaxxer.hikari.pool.PoolBase - HikariPool-1 - Failed to validate connection com.mysql.jdbc.JDBC4Connection@d48185b (No operations allowed after connection closed.). Possibly consider using a shorter maxLifetime value.
2021-07-06 15:44:53.798 [http-nio-8081-exec-4] WARN  com.zaxxer.hikari.pool.PoolBase - HikariPool-1 - Failed to validate connection com.mysql.jdbc.JDBC4Connection@54086ddc (No operations allowed after connection closed.). Possibly consider using a shorter maxLifetime value.
2021-07-06 15:44:53.800 [http-nio-8081-exec-4] WARN  com.zaxxer.hikari.pool.PoolBase - HikariPool-1 - Failed to validate connection com.mysql.jdbc.JDBC4Connection@6dfd98f6 (No operations allowed after connection closed.). Possibly consider using a shorter maxLifetime value.
2021-07-06 15:44:53.802 [http-nio-8081-exec-4] WARN  com.zaxxer.hikari.pool.PoolBase - HikariPool-1 - Failed to validate connection com.mysql.jdbc.JDBC4Connection@4b26a7bc (No operations allowed after connection closed.). Possibly consider using a shorter maxLifetime value.
2021-07-06 15:44:53.803 [http-nio-8081-exec-4] WARN  com.zaxxer.hikari.pool.PoolBase - HikariPool-1 - Failed to validate connection com.mysql.jdbc.JDBC4Connection@6e1f443 (No operations allowed after connection closed.). Possibly consider using a shorter maxLifetime value.
2021-07-06 15:44:53.805 [http-nio-8081-exec-4] WARN  com.zaxxer.hikari.pool.PoolBase - HikariPool-1 - Failed to validate connection com.mysql.jdbc.JDBC4Connection@11900fce (No operations allowed after connection closed.). Possibly consider using a shorter maxLifetime value.
2021-07-06 15:44:53.806 [http-nio-8081-exec-4] WARN  com.zaxxer.hikari.pool.PoolBase - HikariPool-1 - Failed to validate connection com.mysql.jdbc.JDBC4Connection@102b0f22 (No operations allowed after connection closed.). Possibly consider using a shorter maxLifetime value.
2021-07-06 15:44:53.807 [http-nio-8081-exec-4] WARN  com.zaxxer.hikari.pool.PoolBase - HikariPool-1 - Failed to validate connection com.mysql.jdbc.JDBC4Connection@6ece51dc (No operations allowed after connection closed.). Possibly consider using a shorter maxLifetime value.
2021-07-06 15:45:16.485 [http-nio-8081-exec-5] WARN  com.zaxxer.hikari.pool.PoolBase - HikariPool-1 - Failed to validate connection com.mysql.jdbc.JDBC4Connection@73459bf9 (No operations allowed after connection closed.). Possibly consider using a shorter maxLifetime value.
2021-07-06 15:45:16.487 [http-nio-8081-exec-5] WARN  com.zaxxer.hikari.pool.PoolBase - HikariPool-1 - Failed to validate connection com.mysql.jdbc.JDBC4Connection@232293f6 (No operations allowed after connection closed.). Possibly consider using a shorter maxLifetime value.
2021-07-06 15:45:16.487 [http-nio-8081-exec-5] WARN  com.zaxxer.hikari.pool.PoolBase - HikariPool-1 - Failed to validate connection com.mysql.jdbc.JDBC4Connection@502cb258 (No operations allowed after connection closed.). Possibly consider using a shorter maxLifetime value.
2021-07-06 15:45:16.488 [http-nio-8081-exec-5] WARN  com.zaxxer.hikari.pool.PoolBase - HikariPool-1 - Failed to validate connection com.mysql.jdbc.JDBC4Connection@f6971f7 (No operations allowed after connection closed.). Possibly consider using a shorter maxLifetime value.
2021-07-06 15:45:16.489 [http-nio-8081-exec-5] WARN  com.zaxxer.hikari.pool.PoolBase - HikariPool-1 - Failed to validate connection com.mysql.jdbc.JDBC4Connection@27f307da (No operations allowed after connection closed.). Possibly consider using a shorter maxLifetime value.
2021-07-06 15:45:16.490 [http-nio-8081-exec-5] WARN  com.zaxxer.hikari.pool.PoolBase - HikariPool-1 - Failed to validate connection com.mysql.jdbc.JDBC4Connection@10f98df1 (No operations allowed after connection closed.). Possibly consider using a shorter maxLifetime value.
2021-07-06 15:45:16.491 [http-nio-8081-exec-5] WARN  com.zaxxer.hikari.pool.PoolBase - HikariPool-1 - Failed to validate connection com.mysql.jdbc.JDBC4Connection@257243c4 (No operations allowed after connection closed.). Possibly consider using a shorter maxLifetime value.
2021-07-06 15:45:16.492 [http-nio-8081-exec-5] WARN  com.zaxxer.hikari.pool.PoolBase - HikariPool-1 - Failed to validate connection com.mysql.jdbc.JDBC4Connection@61506854 (No operations allowed after connection closed.). Possibly consider using a shorter maxLifetime value.
2021-07-06 15:45:16.492 [http-nio-8081-exec-5] WARN  com.zaxxer.hikari.pool.PoolBase - HikariPool-1 - Failed to validate connection com.mysql.jdbc.JDBC4Connection@5ea26e73 (No operations allowed after connection closed.). Possibly consider using a shorter maxLifetime value.
2021-07-06 15:45:16.493 [http-nio-8081-exec-5] WARN  com.zaxxer.hikari.pool.PoolBase - HikariPool-1 - Failed to validate connection com.mysql.jdbc.JDBC4Connection@2e8e653 (No operations allowed after connection closed.). Possibly consider using a shorter maxLifetime value.
2021-07-06 15:45:16.494 [http-nio-8081-exec-5] WARN  com.zaxxer.hikari.pool.PoolBase - HikariPool-1 - Failed to validate connection com.mysql.jdbc.JDBC4Connection@3533e9a9 (No operations allowed after connection closed.). Possibly consider using a shorter maxLifetime value.
2021-07-06 15:45:16.495 [http-nio-8081-exec-5] WARN  com.zaxxer.hikari.pool.PoolBase - HikariPool-1 - Failed to validate connection com.mysql.jdbc.JDBC4Connection@57432593 (No operations allowed after connection closed.). Possibly consider using a shorter maxLifetime value.
2021-07-06 15:45:16.496 [http-nio-8081-exec-5] WARN  com.zaxxer.hikari.pool.PoolBase - HikariPool-1 - Failed to validate connection com.mysql.jdbc.JDBC4Connection@1a5f18fe (No operations allowed after connection closed.). Possibly consider using a shorter maxLifetime value.
2021-07-06 15:45:16.497 [http-nio-8081-exec-5] WARN  com.zaxxer.hikari.pool.PoolBase - HikariPool-1 - Failed to validate connection com.mysql.jdbc.JDBC4Connection@5fc0bf98 (No operations allowed after connection closed.). Possibly consider using a shorter maxLifetime value.
2021-07-06 15:45:16.498 [http-nio-8081-exec-5] WARN  com.zaxxer.hikari.pool.PoolBase - HikariPool-1 - Failed to validate connection com.mysql.jdbc.JDBC4Connection@75946b68 (No operations allowed after connection closed.). Possibly consider using a shorter maxLifetime value.
2021-07-06 15:45:16.499 [http-nio-8081-exec-5] WARN  com.zaxxer.hikari.pool.PoolBase - HikariPool-1 - Failed to validate connection com.mysql.jdbc.JDBC4Connection@3b35b7f4 (No operations allowed after connection closed.). Possibly consider using a shorter maxLifetime value.
2021-07-06 15:45:16.500 [http-nio-8081-exec-5] WARN  com.zaxxer.hikari.pool.PoolBase - HikariPool-1 - Failed to validate connection com.mysql.jdbc.JDBC4Connection@594fd084 (No operations allowed after connection closed.). Possibly consider using a shorter maxLifetime value.
2021-07-06 15:45:16.500 [http-nio-8081-exec-5] WARN  com.zaxxer.hikari.pool.PoolBase - HikariPool-1 - Failed to validate connection com.mysql.jdbc.JDBC4Connection@329984a (No operations allowed after connection closed.). Possibly consider using a shorter maxLifetime value.
2021-07-06 15:45:16.501 [http-nio-8081-exec-5] WARN  com.zaxxer.hikari.pool.PoolBase - HikariPool-1 - Failed to validate connection com.mysql.jdbc.JDBC4Connection@55307c6c (No operations allowed after connection closed.). Possibly consider using a shorter maxLifetime value.
2021-07-06 15:45:16.502 [http-nio-8081-exec-5] WARN  com.zaxxer.hikari.pool.PoolBase - HikariPool-1 - Failed to validate connection com.mysql.jdbc.JDBC4Connection@43acfb29 (No operations allowed after connection closed.). Possibly consider using a shorter maxLifetime value.
2021-07-06 15:45:16.503 [http-nio-8081-exec-5] WARN  com.zaxxer.hikari.pool.PoolBase - HikariPool-1 - Failed to validate connection com.mysql.jdbc.JDBC4Connection@6440d828 (No operations allowed after connection closed.). Possibly consider using a shorter maxLifetime value.
2021-07-06 15:46:06.243 [http-nio-8081-exec-6] WARN  com.zaxxer.hikari.pool.PoolBase - HikariPool-1 - Failed to validate connection com.mysql.jdbc.JDBC4Connection@3c09b139 (No operations allowed after connection closed.). Possibly consider using a shorter maxLifetime value.
2021-07-06 15:46:06.244 [http-nio-8081-exec-6] WARN  com.zaxxer.hikari.pool.PoolBase - HikariPool-1 - Failed to validate connection com.mysql.jdbc.JDBC4Connection@7cdf651f (No operations allowed after connection closed.). Possibly consider using a shorter maxLifetime value.
2021-07-06 15:46:06.244 [http-nio-8081-exec-6] WARN  com.zaxxer.hikari.pool.PoolBase - HikariPool-1 - Failed to validate connection com.mysql.jdbc.JDBC4Connection@d91a2c7 (No operations allowed after connection closed.). Possibly consider using a shorter maxLifetime value.
2021-07-06 15:46:06.246 [http-nio-8081-exec-6] WARN  com.zaxxer.hikari.pool.PoolBase - HikariPool-1 - Failed to validate connection com.mysql.jdbc.JDBC4Connection@7c605a35 (No operations allowed after connection closed.). Possibly consider using a shorter maxLifetime value.
2021-07-06 15:46:06.247 [http-nio-8081-exec-6] WARN  com.zaxxer.hikari.pool.PoolBase - HikariPool-1 - Failed to validate connection com.mysql.jdbc.JDBC4Connection@6d540b70 (No operations allowed after connection closed.). Possibly consider using a shorter maxLifetime value.
2021-07-06 15:46:06.247 [http-nio-8081-exec-6] WARN  com.zaxxer.hikari.pool.PoolBase - HikariPool-1 - Failed to validate connection com.mysql.jdbc.JDBC4Connection@6a246c58 (No operations allowed after connection closed.). Possibly consider using a shorter maxLifetime value.
2021-07-06 15:46:06.248 [http-nio-8081-exec-6] WARN  com.zaxxer.hikari.pool.PoolBase - HikariPool-1 - Failed to validate connection com.mysql.jdbc.JDBC4Connection@6a236c41 (No operations allowed after connection closed.). Possibly consider using a shorter maxLifetime value.
2021-07-06 15:46:06.249 [http-nio-8081-exec-6] WARN  com.zaxxer.hikari.pool.PoolBase - HikariPool-1 - Failed to validate connection com.mysql.jdbc.JDBC4Connection@14ec22c2 (No operations allowed after connection closed.). Possibly consider using a shorter maxLifetime value.
2021-07-06 15:46:06.249 [http-nio-8081-exec-6] WARN  com.zaxxer.hikari.pool.PoolBase - HikariPool-1 - Failed to validate connection com.mysql.jdbc.JDBC4Connection@592ea4a4 (No operations allowed after connection closed.). Possibly consider using a shorter maxLifetime value.
2021-07-06 15:46:06.250 [http-nio-8081-exec-6] WARN  com.zaxxer.hikari.pool.PoolBase - HikariPool-1 - Failed to validate connection com.mysql.jdbc.JDBC4Connection@10a15575 (No operations allowed after connection closed.). Possibly consider using a shorter maxLifetime value.
2021-07-06 15:46:06.251 [http-nio-8081-exec-6] WARN  com.zaxxer.hikari.pool.PoolBase - HikariPool-1 - Failed to validate connection com.mysql.jdbc.JDBC4Connection@61917244 (No operations allowed after connection closed.). Possibly consider using a shorter maxLifetime value.
2021-07-06 15:46:06.251 [http-nio-8081-exec-6] WARN  com.zaxxer.hikari.pool.PoolBase - HikariPool-1 - Failed to validate connection com.mysql.jdbc.JDBC4Connection@141eb686 (No operations allowed after connection closed.). Possibly consider using a shorter maxLifetime value.
2021-07-06 15:46:06.252 [http-nio-8081-exec-6] WARN  com.zaxxer.hikari.pool.PoolBase - HikariPool-1 - Failed to validate connection com.mysql.jdbc.JDBC4Connection@38b93b25 (No operations allowed after connection closed.). Possibly consider using a shorter maxLifetime value.
2021-07-06 15:46:06.253 [http-nio-8081-exec-6] WARN  com.zaxxer.hikari.pool.PoolBase - HikariPool-1 - Failed to validate connection com.mysql.jdbc.JDBC4Connection@22a9dbba (No operations allowed after connection closed.). Possibly consider using a shorter maxLifetime value.
2021-07-06 15:46:06.254 [http-nio-8081-exec-6] WARN  com.zaxxer.hikari.pool.PoolBase - HikariPool-1 - Failed to validate connection com.mysql.jdbc.JDBC4Connection@48409ef9 (No operations allowed after connection closed.). Possibly consider using a shorter maxLifetime value.
2021-07-06 15:46:06.255 [http-nio-8081-exec-6] WARN  com.zaxxer.hikari.pool.PoolBase - HikariPool-1 - Failed to validate connection com.mysql.jdbc.JDBC4Connection@290bbbf1 (No operations allowed after connection closed.). Possibly consider using a shorter maxLifetime value.
2021-07-06 15:46:06.256 [http-nio-8081-exec-6] WARN  com.zaxxer.hikari.pool.PoolBase - HikariPool-1 - Failed to validate connection com.mysql.jdbc.JDBC4Connection@581adde6 (No operations allowed after connection closed.). Possibly consider using a shorter maxLifetime value.
2021-07-06 15:46:06.256 [http-nio-8081-exec-6] WARN  com.zaxxer.hikari.pool.PoolBase - HikariPool-1 - Failed to validate connection com.mysql.jdbc.JDBC4Connection@3482b954 (No operations allowed after connection closed.). Possibly consider using a shorter maxLifetime value.
2021-07-06 15:46:06.257 [http-nio-8081-exec-6] WARN  com.zaxxer.hikari.pool.PoolBase - HikariPool-1 - Failed to validate connection com.mysql.jdbc.JDBC4Connection@78795e6b (No operations allowed after connection closed.). Possibly consider using a shorter maxLifetime value.
2021-07-06 15:46:06.258 [http-nio-8081-exec-6] WARN  com.zaxxer.hikari.pool.PoolBase - HikariPool-1 - Failed to validate connection com.mysql.jdbc.JDBC4Connection@c59b6a6 (No operations allowed after connection closed.). Possibly consider using a shorter maxLifetime value.
2021-07-06 15:46:45.494 [http-nio-8081-exec-8] WARN  com.zaxxer.hikari.pool.PoolBase - HikariPool-1 - Failed to validate connection com.mysql.jdbc.JDBC4Connection@b15b59b (No operations allowed after connection closed.). Possibly consider using a shorter maxLifetime value.
2021-07-06 15:46:45.495 [http-nio-8081-exec-8] WARN  com.zaxxer.hikari.pool.PoolBase - HikariPool-1 - Failed to validate connection com.mysql.jdbc.JDBC4Connection@2162af32 (No operations allowed after connection closed.). Possibly consider using a shorter maxLifetime value.
2021-07-06 15:46:45.496 [http-nio-8081-exec-8] WARN  com.zaxxer.hikari.pool.PoolBase - HikariPool-1 - Failed to validate connection com.mysql.jdbc.JDBC4Connection@7f9384a8 (No operations allowed after connection closed.). Possibly consider using a shorter maxLifetime value.
2021-07-06 15:46:45.497 [http-nio-8081-exec-8] WARN  com.zaxxer.hikari.pool.PoolBase - HikariPool-1 - Failed to validate connection com.mysql.jdbc.JDBC4Connection@590c5fac (No operations allowed after connection closed.). Possibly consider using a shorter maxLifetime value.
2021-07-06 15:46:45.498 [http-nio-8081-exec-8] WARN  com.zaxxer.hikari.pool.PoolBase - HikariPool-1 - Failed to validate connection com.mysql.jdbc.JDBC4Connection@2e38d5d2 (No operations allowed after connection closed.). Possibly consider using a shorter maxLifetime value.
2021-07-06 15:46:45.498 [http-nio-8081-exec-8] WARN  com.zaxxer.hikari.pool.PoolBase - HikariPool-1 - Failed to validate connection com.mysql.jdbc.JDBC4Connection@1a97f418 (No operations allowed after connection closed.). Possibly consider using a shorter maxLifetime value.
2021-07-06 15:46:45.499 [http-nio-8081-exec-8] WARN  com.zaxxer.hikari.pool.PoolBase - HikariPool-1 - Failed to validate connection com.mysql.jdbc.JDBC4Connection@79c29526 (No operations allowed after connection closed.). Possibly consider using a shorter maxLifetime value.
2021-07-06 15:46:45.500 [http-nio-8081-exec-8] WARN  com.zaxxer.hikari.pool.PoolBase - HikariPool-1 - Failed to validate connection com.mysql.jdbc.JDBC4Connection@4208548d (No operations allowed after connection closed.). Possibly consider using a shorter maxLifetime value.
2021-07-06 15:46:45.501 [http-nio-8081-exec-8] WARN  com.zaxxer.hikari.pool.PoolBase - HikariPool-1 - Failed to validate connection com.mysql.jdbc.JDBC4Connection@2a768f5b (No operations allowed after connection closed.). Possibly consider using a shorter maxLifetime value.
2021-07-06 15:46:45.502 [http-nio-8081-exec-8] WARN  com.zaxxer.hikari.pool.PoolBase - HikariPool-1 - Failed to validate connection com.mysql.jdbc.JDBC4Connection@f649939 (No operations allowed after connection closed.). Possibly consider using a shorter maxLifetime value.
2021-07-06 15:46:45.502 [http-nio-8081-exec-8] WARN  com.zaxxer.hikari.pool.PoolBase - HikariPool-1 - Failed to validate connection com.mysql.jdbc.JDBC4Connection@62624656 (No operations allowed after connection closed.). Possibly consider using a shorter maxLifetime value.
2021-07-06 15:46:45.503 [http-nio-8081-exec-8] WARN  com.zaxxer.hikari.pool.PoolBase - HikariPool-1 - Failed to validate connection com.mysql.jdbc.JDBC4Connection@62cecaab (No operations allowed after connection closed.). Possibly consider using a shorter maxLifetime value.
2021-07-06 15:46:45.504 [http-nio-8081-exec-8] WARN  com.zaxxer.hikari.pool.PoolBase - HikariPool-1 - Failed to validate connection com.mysql.jdbc.JDBC4Connection@7cdc8dfe (No operations allowed after connection closed.). Possibly consider using a shorter maxLifetime value.
2021-07-06 15:46:45.505 [http-nio-8081-exec-8] WARN  com.zaxxer.hikari.pool.PoolBase - HikariPool-1 - Failed to validate connection com.mysql.jdbc.JDBC4Connection@57da6e0d (No operations allowed after connection closed.). Possibly consider using a shorter maxLifetime value.
2021-07-06 15:46:45.505 [http-nio-8081-exec-8] WARN  com.zaxxer.hikari.pool.PoolBase - HikariPool-1 - Failed to validate connection com.mysql.jdbc.JDBC4Connection@277ac256 (No operations allowed after connection closed.). Possibly consider using a shorter maxLifetime value.
2021-07-06 15:46:45.506 [http-nio-8081-exec-8] WARN  com.zaxxer.hikari.pool.PoolBase - HikariPool-1 - Failed to validate connection com.mysql.jdbc.JDBC4Connection@3375df80 (No operations allowed after connection closed.). Possibly consider using a shorter maxLifetime value.
2021-07-06 15:46:45.507 [http-nio-8081-exec-8] WARN  com.zaxxer.hikari.pool.PoolBase - HikariPool-1 - Failed to validate connection com.mysql.jdbc.JDBC4Connection@2bde176d (No operations allowed after connection closed.). Possibly consider using a shorter maxLifetime value.
2021-07-06 15:46:45.507 [http-nio-8081-exec-8] WARN  com.zaxxer.hikari.pool.PoolBase - HikariPool-1 - Failed to validate connection com.mysql.jdbc.JDBC4Connection@2ff0be1d (No operations allowed after connection closed.). Possibly consider using a shorter maxLifetime value.
2021-07-06 15:46:45.508 [http-nio-8081-exec-8] WARN  com.zaxxer.hikari.pool.PoolBase - HikariPool-1 - Failed to validate connection com.mysql.jdbc.JDBC4Connection@5ee9b1c7 (No operations allowed after connection closed.). Possibly consider using a shorter maxLifetime value.
2021-07-06 15:46:45.509 [http-nio-8081-exec-8] WARN  com.zaxxer.hikari.pool.PoolBase - HikariPool-1 - Failed to validate connection com.mysql.jdbc.JDBC4Connection@43fdfc45 (No operations allowed after connection closed.). Possibly consider using a shorter maxLifetime value.
2021-07-06 15:47:25.778 [http-nio-8081-exec-2] WARN  com.zaxxer.hikari.pool.PoolBase - HikariPool-1 - Failed to validate connection com.mysql.jdbc.JDBC4Connection@53492c56 (No operations allowed after connection closed.). Possibly consider using a shorter maxLifetime value.
2021-07-06 15:47:25.779 [http-nio-8081-exec-2] WARN  com.zaxxer.hikari.pool.PoolBase - HikariPool-1 - Failed to validate connection com.mysql.jdbc.JDBC4Connection@6d237b7b (No operations allowed after connection closed.). Possibly consider using a shorter maxLifetime value.
2021-07-06 15:47:25.779 [http-nio-8081-exec-2] WARN  com.zaxxer.hikari.pool.PoolBase - HikariPool-1 - Failed to validate connection com.mysql.jdbc.JDBC4Connection@4e13239d (No operations allowed after connection closed.). Possibly consider using a shorter maxLifetime value.
2021-07-06 15:47:25.780 [http-nio-8081-exec-2] WARN  com.zaxxer.hikari.pool.PoolBase - HikariPool-1 - Failed to validate connection com.mysql.jdbc.JDBC4Connection@54228d95 (No operations allowed after connection closed.). Possibly consider using a shorter maxLifetime value.
2021-07-06 15:47:25.782 [http-nio-8081-exec-2] WARN  com.zaxxer.hikari.pool.PoolBase - HikariPool-1 - Failed to validate connection com.mysql.jdbc.JDBC4Connection@5e741d3f (No operations allowed after connection closed.). Possibly consider using a shorter maxLifetime value.
2021-07-06 15:47:25.783 [http-nio-8081-exec-2] WARN  com.zaxxer.hikari.pool.PoolBase - HikariPool-1 - Failed to validate connection com.mysql.jdbc.JDBC4Connection@287a5d29 (No operations allowed after connection closed.). Possibly consider using a shorter maxLifetime value.
2021-07-06 15:47:25.784 [http-nio-8081-exec-2] WARN  com.zaxxer.hikari.pool.PoolBase - HikariPool-1 - Failed to validate connection com.mysql.jdbc.JDBC4Connection@7f229c70 (No operations allowed after connection closed.). Possibly consider using a shorter maxLifetime value.
2021-07-06 15:47:25.785 [http-nio-8081-exec-2] WARN  com.zaxxer.hikari.pool.PoolBase - HikariPool-1 - Failed to validate connection com.mysql.jdbc.JDBC4Connection@3facf824 (No operations allowed after connection closed.). Possibly consider using a shorter maxLifetime value.
2021-07-06 15:47:25.786 [http-nio-8081-exec-2] WARN  com.zaxxer.hikari.pool.PoolBase - HikariPool-1 - Failed to validate connection com.mysql.jdbc.JDBC4Connection@414f970b (No operations allowed after connection closed.). Possibly consider using a shorter maxLifetime value.
2021-07-06 15:47:25.786 [http-nio-8081-exec-2] WARN  com.zaxxer.hikari.pool.PoolBase - HikariPool-1 - Failed to validate connection com.mysql.jdbc.JDBC4Connection@3b26091e (No operations allowed after connection closed.). Possibly consider using a shorter maxLifetime value.
2021-07-06 15:47:25.787 [http-nio-8081-exec-2] WARN  com.zaxxer.hikari.pool.PoolBase - HikariPool-1 - Failed to validate connection com.mysql.jdbc.JDBC4Connection@508cd316 (No operations allowed after connection closed.). Possibly consider using a shorter maxLifetime value.
2021-07-06 15:47:25.788 [http-nio-8081-exec-2] WARN  com.zaxxer.hikari.pool.PoolBase - HikariPool-1 - Failed to validate connection com.mysql.jdbc.JDBC4Connection@8396cfb (No operations allowed after connection closed.). Possibly consider using a shorter maxLifetime value.
2021-07-06 15:47:25.789 [http-nio-8081-exec-2] WARN  com.zaxxer.hikari.pool.PoolBase - HikariPool-1 - Failed to validate connection com.mysql.jdbc.JDBC4Connection@35734538 (No operations allowed after connection closed.). Possibly consider using a shorter maxLifetime value.
2021-07-06 15:47:25.789 [http-nio-8081-exec-2] WARN  com.zaxxer.hikari.pool.PoolBase - HikariPool-1 - Failed to validate connection com.mysql.jdbc.JDBC4Connection@3e16d471 (No operations allowed after connection closed.). Possibly consider using a shorter maxLifetime value.
2021-07-06 15:47:25.790 [http-nio-8081-exec-2] WARN  com.zaxxer.hikari.pool.PoolBase - HikariPool-1 - Failed to validate connection com.mysql.jdbc.JDBC4Connection@834a4c6 (No operations allowed after connection closed.). Possibly consider using a shorter maxLifetime value.
2021-07-06 15:47:25.791 [http-nio-8081-exec-2] WARN  com.zaxxer.hikari.pool.PoolBase - HikariPool-1 - Failed to validate connection com.mysql.jdbc.JDBC4Connection@4b294f8f (No operations allowed after connection closed.). Possibly consider using a shorter maxLifetime value.
2021-07-06 15:47:25.791 [http-nio-8081-exec-2] WARN  com.zaxxer.hikari.pool.PoolBase - HikariPool-1 - Failed to validate connection com.mysql.jdbc.JDBC4Connection@64dc9957 (No operations allowed after connection closed.). Possibly consider using a shorter maxLifetime value.
2021-07-06 15:47:25.792 [http-nio-8081-exec-2] WARN  com.zaxxer.hikari.pool.PoolBase - HikariPool-1 - Failed to validate connection com.mysql.jdbc.JDBC4Connection@6ce16ce1 (No operations allowed after connection closed.). Possibly consider using a shorter maxLifetime value.
2021-07-06 15:47:25.793 [http-nio-8081-exec-2] WARN  com.zaxxer.hikari.pool.PoolBase - HikariPool-1 - Failed to validate connection com.mysql.jdbc.JDBC4Connection@415ee72f (No operations allowed after connection closed.). Possibly consider using a shorter maxLifetime value.
2021-07-06 15:47:25.794 [http-nio-8081-exec-2] WARN  com.zaxxer.hikari.pool.PoolBase - HikariPool-1 - Failed to validate connection com.mysql.jdbc.JDBC4Connection@400a9dbc (No operations allowed after connection closed.). Possibly consider using a shorter maxLifetime value.
2021-07-06 15:48:34.489 [http-nio-8081-exec-5] WARN  com.zaxxer.hikari.pool.PoolBase - HikariPool-1 - Failed to validate connection com.mysql.jdbc.JDBC4Connection@7402b945 (No operations allowed after connection closed.). Possibly consider using a shorter maxLifetime value.
2021-07-06 15:48:34.490 [http-nio-8081-exec-5] WARN  com.zaxxer.hikari.pool.PoolBase - HikariPool-1 - Failed to validate connection com.mysql.jdbc.JDBC4Connection@41549789 (No operations allowed after connection closed.). Possibly consider using a shorter maxLifetime value.
2021-07-06 15:48:34.491 [http-nio-8081-exec-5] WARN  com.zaxxer.hikari.pool.PoolBase - HikariPool-1 - Failed to validate connection com.mysql.jdbc.JDBC4Connection@12820834 (No operations allowed after connection closed.). Possibly consider using a shorter maxLifetime value.
2021-07-06 15:48:34.491 [http-nio-8081-exec-5] WARN  com.zaxxer.hikari.pool.PoolBase - HikariPool-1 - Failed to validate connection com.mysql.jdbc.JDBC4Connection@732b43b0 (No operations allowed after connection closed.). Possibly consider using a shorter maxLifetime value.
2021-07-06 15:48:34.492 [http-nio-8081-exec-5] WARN  com.zaxxer.hikari.pool.PoolBase - HikariPool-1 - Failed to validate connection com.mysql.jdbc.JDBC4Connection@7106a342 (No operations allowed after connection closed.). Possibly consider using a shorter maxLifetime value.
2021-07-06 15:48:34.493 [http-nio-8081-exec-5] WARN  com.zaxxer.hikari.pool.PoolBase - HikariPool-1 - Failed to validate connection com.mysql.jdbc.JDBC4Connection@148b8a34 (No operations allowed after connection closed.). Possibly consider using a shorter maxLifetime value.
2021-07-06 15:48:34.493 [http-nio-8081-exec-5] WARN  com.zaxxer.hikari.pool.PoolBase - HikariPool-1 - Failed to validate connection com.mysql.jdbc.JDBC4Connection@16caf339 (No operations allowed after connection closed.). Possibly consider using a shorter maxLifetime value.
2021-07-06 15:48:34.494 [http-nio-8081-exec-5] WARN  com.zaxxer.hikari.pool.PoolBase - HikariPool-1 - Failed to validate connection com.mysql.jdbc.JDBC4Connection@3f550493 (No operations allowed after connection closed.). Possibly consider using a shorter maxLifetime value.
2021-07-06 15:48:34.495 [http-nio-8081-exec-5] WARN  com.zaxxer.hikari.pool.PoolBase - HikariPool-1 - Failed to validate connection com.mysql.jdbc.JDBC4Connection@7b8dbc88 (No operations allowed after connection closed.). Possibly consider using a shorter maxLifetime value.
2021-07-06 15:48:34.495 [http-nio-8081-exec-5] WARN  com.zaxxer.hikari.pool.PoolBase - HikariPool-1 - Failed to validate connection com.mysql.jdbc.JDBC4Connection@339f43e7 (No operations allowed after connection closed.). Possibly consider using a shorter maxLifetime value.
2021-07-06 15:48:34.496 [http-nio-8081-exec-5] WARN  com.zaxxer.hikari.pool.PoolBase - HikariPool-1 - Failed to validate connection com.mysql.jdbc.JDBC4Connection@728d3d96 (No operations allowed after connection closed.). Possibly consider using a shorter maxLifetime value.
2021-07-06 15:48:34.497 [http-nio-8081-exec-5] WARN  com.zaxxer.hikari.pool.PoolBase - HikariPool-1 - Failed to validate connection com.mysql.jdbc.JDBC4Connection@65ebcec8 (No operations allowed after connection closed.). Possibly consider using a shorter maxLifetime value.
2021-07-06 15:48:34.497 [http-nio-8081-exec-5] WARN  com.zaxxer.hikari.pool.PoolBase - HikariPool-1 - Failed to validate connection com.mysql.jdbc.JDBC4Connection@73944701 (No operations allowed after connection closed.). Possibly consider using a shorter maxLifetime value.
2021-07-06 15:48:34.498 [http-nio-8081-exec-5] WARN  com.zaxxer.hikari.pool.PoolBase - HikariPool-1 - Failed to validate connection com.mysql.jdbc.JDBC4Connection@3a5da2ef (No operations allowed after connection closed.). Possibly consider using a shorter maxLifetime value.
2021-07-06 15:48:34.499 [http-nio-8081-exec-5] WARN  com.zaxxer.hikari.pool.PoolBase - HikariPool-1 - Failed to validate connection com.mysql.jdbc.JDBC4Connection@21a759bf (No operations allowed after connection closed.). Possibly consider using a shorter maxLifetime value.
2021-07-06 15:48:34.500 [http-nio-8081-exec-5] WARN  com.zaxxer.hikari.pool.PoolBase - HikariPool-1 - Failed to validate connection com.mysql.jdbc.JDBC4Connection@1a814ecd (No operations allowed after connection closed.). Possibly consider using a shorter maxLifetime value.
2021-07-06 15:48:34.501 [http-nio-8081-exec-5] WARN  com.zaxxer.hikari.pool.PoolBase - HikariPool-1 - Failed to validate connection com.mysql.jdbc.JDBC4Connection@4b7cbed3 (No operations allowed after connection closed.). Possibly consider using a shorter maxLifetime value.
2021-07-06 15:48:34.501 [http-nio-8081-exec-5] WARN  com.zaxxer.hikari.pool.PoolBase - HikariPool-1 - Failed to validate connection com.mysql.jdbc.JDBC4Connection@1c613789 (No operations allowed after connection closed.). Possibly consider using a shorter maxLifetime value.
2021-07-06 15:48:34.502 [http-nio-8081-exec-5] WARN  com.zaxxer.hikari.pool.PoolBase - HikariPool-1 - Failed to validate connection com.mysql.jdbc.JDBC4Connection@710ef1b (No operations allowed after connection closed.). Possibly consider using a shorter maxLifetime value.
2021-07-06 15:48:34.503 [http-nio-8081-exec-5] WARN  com.zaxxer.hikari.pool.PoolBase - HikariPool-1 - Failed to validate connection com.mysql.jdbc.JDBC4Connection@17772e12 (No operations allowed after connection closed.). Possibly consider using a shorter maxLifetime value.
