2021-07-06 15:32:06.427 [http-nio-8081-exec-2] ERROR c.p.y.s.admin.controller.ManagementController - pageInfo toString()=PageInfo{pageNum=1, pageSize=10, size=10, startRow=1, endRow=10, total=15, pages=2, list=Page{count=true, pageNum=1, pageSize=10, startRow=0, endRow=10, total=15, pages=2, reasonable=false, pageSizeZero=false}[User(id=1, name=邓逸清, phoneNum=18584199952, points=422, password=, lastPoint=500, lastUseTime=Mon Jul 05 12:43:32 CST 2021), User(id=2, name=string, phoneNum=1, points=0, password=, lastPoint=null, lastUseTime=null), User(id=7, name=王五, phoneNum=2, points=0, password=, lastPoint=0, lastUseTime=Sat Jul 03 17:47:51 CST 2021), User(id=9, name=张三, phoneNum=10, points=0, password=, lastPoint=0, lastUseTime=Mon Jul 05 12:04:20 CST 2021), User(id=10, name=王麻子, phoneNum=11, points=0, password=, lastPoint=0, lastUseTime=Mon Jul 05 12:05:13 CST 2021), User(id=11, name=王麻子2, phoneNum=111, points=0, password=, lastPoint=0, lastUseTime=Mon Jul 05 12:05:21 CST 2021), User(id=12, name=王麻子2, phoneNum=12, points=0, password=, lastPoint=0, lastUseTime=Mon Jul 05 12:05:35 CST 2021), User(id=13, name=王麻子3, phoneNum=13, points=0, password=, lastPoint=0, lastUseTime=Mon Jul 05 12:05:45 CST 2021), User(id=14, name=王麻子4, phoneNum=14, points=0, password=, lastPoint=0, lastUseTime=Mon Jul 05 12:05:54 CST 2021), User(id=15, name=王麻子5, phoneNum=15, points=0, password=, lastPoint=0, lastUseTime=Mon Jul 05 12:06:05 CST 2021)], prePage=0, nextPage=2, isFirstPage=true, isLastPage=false, hasPreviousPage=false, hasNextPage=true, navigatePages=8, navigateFirstPage=1, navigateLastPage=2, navigatepageNums=[1, 2]}
2021-07-06 15:35:40.328 [http-nio-8081-exec-5] ERROR o.a.c.c.C.[.[localhost].[/].[dispatcherServlet] - Servlet.service() for servlet [dispatcherServlet] in context with path [] threw exception [Request processing failed; nested exception is java.lang.NullPointerException] with root cause
java.lang.NullPointerException: null
	at com.pzhu.youzaiyouzai.supermarket.admin.controller.ManagementController.getAllUsers(ManagementController.java:68)
	at sun.reflect.NativeMethodAccessorImpl.invoke0(Native Method)
	at sun.reflect.NativeMethodAccessorImpl.invoke(NativeMethodAccessorImpl.java:62)
	at sun.reflect.DelegatingMethodAccessorImpl.invoke(DelegatingMethodAccessorImpl.java:43)
	at java.lang.reflect.Method.invoke(Method.java:498)
	at org.springframework.web.method.support.InvocableHandlerMethod.doInvoke(InvocableHandlerMethod.java:197)
	at org.springframework.web.method.support.InvocableHandlerMethod.invokeForRequest(InvocableHandlerMethod.java:141)
	at org.springframework.web.servlet.mvc.method.annotation.ServletInvocableHandlerMethod.invokeAndHandle(ServletInvocableHandlerMethod.java:106)
	at org.springframework.web.servlet.mvc.method.annotation.RequestMappingHandlerAdapter.invokeHandlerMethod(RequestMappingHandlerAdapter.java:893)
	at org.springframework.web.servlet.mvc.method.annotation.RequestMappingHandlerAdapter.handleInternal(RequestMappingHandlerAdapter.java:807)
	at org.springframework.web.servlet.mvc.method.AbstractHandlerMethodAdapter.handle(AbstractHandlerMethodAdapter.java:87)
	at org.springframework.web.servlet.DispatcherServlet.doDispatch(DispatcherServlet.java:1061)
	at org.springframework.web.servlet.DispatcherServlet.doService(DispatcherServlet.java:961)
	at org.springframework.web.servlet.FrameworkServlet.processRequest(FrameworkServlet.java:1006)
	at org.springframework.web.servlet.FrameworkServlet.doGet(FrameworkServlet.java:898)
	at javax.servlet.http.HttpServlet.service(HttpServlet.java:626)
	at org.springframework.web.servlet.FrameworkServlet.service(FrameworkServlet.java:883)
	at javax.servlet.http.HttpServlet.service(HttpServlet.java:733)
	at org.apache.catalina.core.ApplicationFilterChain.internalDoFilter(ApplicationFilterChain.java:231)
	at org.apache.catalina.core.ApplicationFilterChain.doFilter(ApplicationFilterChain.java:166)
	at org.apache.tomcat.websocket.server.WsFilter.doFilter(WsFilter.java:53)
	at org.apache.catalina.core.ApplicationFilterChain.internalDoFilter(ApplicationFilterChain.java:193)
	at org.apache.catalina.core.ApplicationFilterChain.doFilter(ApplicationFilterChain.java:166)
	at org.springframework.web.filter.RequestContextFilter.doFilterInternal(RequestContextFilter.java:100)
	at org.springframework.web.filter.OncePerRequestFilter.doFilter(OncePerRequestFilter.java:119)
	at org.apache.catalina.core.ApplicationFilterChain.internalDoFilter(ApplicationFilterChain.java:193)
	at org.apache.catalina.core.ApplicationFilterChain.doFilter(ApplicationFilterChain.java:166)
	at org.springframework.web.filter.FormContentFilter.doFilterInternal(FormContentFilter.java:93)
	at org.springframework.web.filter.OncePerRequestFilter.doFilter(OncePerRequestFilter.java:119)
	at org.apache.catalina.core.ApplicationFilterChain.internalDoFilter(ApplicationFilterChain.java:193)
	at org.apache.catalina.core.ApplicationFilterChain.doFilter(ApplicationFilterChain.java:166)
	at org.springframework.web.filter.CharacterEncodingFilter.doFilterInternal(CharacterEncodingFilter.java:201)
	at org.springframework.web.filter.OncePerRequestFilter.doFilter(OncePerRequestFilter.java:119)
	at org.apache.catalina.core.ApplicationFilterChain.internalDoFilter(ApplicationFilterChain.java:193)
	at org.apache.catalina.core.ApplicationFilterChain.doFilter(ApplicationFilterChain.java:166)
	at org.apache.catalina.core.StandardWrapperValve.invoke(StandardWrapperValve.java:202)
	at org.apache.catalina.core.StandardContextValve.invoke(StandardContextValve.java:97)
	at org.apache.catalina.authenticator.AuthenticatorBase.invoke(AuthenticatorBase.java:542)
	at org.apache.catalina.core.StandardHostValve.invoke(StandardHostValve.java:143)
	at org.apache.catalina.valves.ErrorReportValve.invoke(ErrorReportValve.java:92)
	at org.apache.catalina.core.StandardEngineValve.invoke(StandardEngineValve.java:78)
	at org.apache.catalina.connector.CoyoteAdapter.service(CoyoteAdapter.java:343)
	at org.apache.coyote.http11.Http11Processor.service(Http11Processor.java:374)
	at org.apache.coyote.AbstractProcessorLight.process(AbstractProcessorLight.java:65)
	at org.apache.coyote.AbstractProtocol$ConnectionHandler.process(AbstractProtocol.java:868)
	at org.apache.tomcat.util.net.NioEndpoint$SocketProcessor.doRun(NioEndpoint.java:1590)
	at org.apache.tomcat.util.net.SocketProcessorBase.run(SocketProcessorBase.java:49)
	at java.util.concurrent.ThreadPoolExecutor.runWorker(ThreadPoolExecutor.java:1149)
	at java.util.concurrent.ThreadPoolExecutor$Worker.run(ThreadPoolExecutor.java:624)
	at org.apache.tomcat.util.threads.TaskThread$WrappingRunnable.run(TaskThread.java:61)
	at java.lang.Thread.run(Thread.java:748)
2021-07-07 22:03:33.003 [http-nio-8081-exec-5] ERROR c.p.y.s.admin.controller.ManagementController - pageInfo toString()=PageInfo{pageNum=1, pageSize=13, size=13, startRow=1, endRow=13, total=15, pages=2, list=Page{count=true, pageNum=1, pageSize=13, startRow=0, endRow=13, total=15, pages=2, reasonable=false, pageSizeZero=false}[User(id=1, name=邓逸清, phoneNum=18584199952, points=472, password=, lastPoint=50, lastUseTime=Tue Jul 06 15:48:35 CST 2021), User(id=2, name=string, phoneNum=1, points=0, password=, lastPoint=null, lastUseTime=null), User(id=7, name=王五, phoneNum=2, points=0, password=, lastPoint=0, lastUseTime=Sat Jul 03 17:47:51 CST 2021), User(id=9, name=张三, phoneNum=10, points=0, password=, lastPoint=0, lastUseTime=Mon Jul 05 12:04:20 CST 2021), User(id=10, name=王麻子, phoneNum=11, points=0, password=, lastPoint=0, lastUseTime=Mon Jul 05 12:05:13 CST 2021), User(id=11, name=王麻子2, phoneNum=111, points=0, password=, lastPoint=0, lastUseTime=Mon Jul 05 12:05:21 CST 2021), User(id=12, name=王麻子2, phoneNum=12, points=0, password=, lastPoint=0, lastUseTime=Mon Jul 05 12:05:35 CST 2021), User(id=13, name=王麻子3, phoneNum=13, points=0, password=, lastPoint=0, lastUseTime=Mon Jul 05 12:05:45 CST 2021), User(id=14, name=王麻子4, phoneNum=14, points=0, password=, lastPoint=0, lastUseTime=Mon Jul 05 12:05:54 CST 2021), User(id=15, name=王麻子5, phoneNum=15, points=0, password=, lastPoint=0, lastUseTime=Mon Jul 05 12:06:05 CST 2021), User(id=16, name=王麻子6, phoneNum=16, points=0, password=, lastPoint=0, lastUseTime=Mon Jul 05 12:06:15 CST 2021), User(id=17, name=王麻子7, phoneNum=17, points=0, password=, lastPoint=0, lastUseTime=Mon Jul 05 12:10:46 CST 2021), User(id=18, name=王麻子8, phoneNum=18, points=0, password=, lastPoint=0, lastUseTime=Mon Jul 05 12:10:53 CST 2021)], prePage=0, nextPage=2, isFirstPage=true, isLastPage=false, hasPreviousPage=false, hasNextPage=true, navigatePages=8, navigateFirstPage=1, navigateLastPage=2, navigatepageNums=[1, 2]}
2021-07-07 22:32:28.026 [http-nio-8081-exec-6] ERROR c.p.y.s.admin.controller.ManagementController - pageInfo toString()=PageInfo{pageNum=1, pageSize=13, size=13, startRow=1, endRow=13, total=16, pages=2, list=Page{count=true, pageNum=1, pageSize=13, startRow=0, endRow=13, total=16, pages=2, reasonable=false, pageSizeZero=false}[User(id=1, name=邓逸清, phoneNum=18584199952, points=472, password=, lastPoint=50, lastUseTime=Tue Jul 06 15:48:35 CST 2021), User(id=2, name=string, phoneNum=1, points=0, password=, lastPoint=null, lastUseTime=null), User(id=7, name=王五, phoneNum=2, points=0, password=, lastPoint=0, lastUseTime=Sat Jul 03 17:47:51 CST 2021), User(id=9, name=张三, phoneNum=10, points=0, password=, lastPoint=0, lastUseTime=Mon Jul 05 12:04:20 CST 2021), User(id=10, name=王麻子, phoneNum=11, points=0, password=, lastPoint=0, lastUseTime=Mon Jul 05 12:05:13 CST 2021), User(id=11, name=王麻子2, phoneNum=111, points=0, password=, lastPoint=0, lastUseTime=Mon Jul 05 12:05:21 CST 2021), User(id=12, name=王麻子2, phoneNum=12, points=0, password=, lastPoint=0, lastUseTime=Mon Jul 05 12:05:35 CST 2021), User(id=13, name=王麻子3, phoneNum=13, points=0, password=, lastPoint=0, lastUseTime=Mon Jul 05 12:05:45 CST 2021), User(id=14, name=王麻子4, phoneNum=14, points=0, password=, lastPoint=0, lastUseTime=Mon Jul 05 12:05:54 CST 2021), User(id=15, name=王麻子5, phoneNum=15, points=0, password=, lastPoint=0, lastUseTime=Mon Jul 05 12:06:05 CST 2021), User(id=16, name=王麻子6, phoneNum=16, points=0, password=, lastPoint=0, lastUseTime=Mon Jul 05 12:06:15 CST 2021), User(id=17, name=王麻子7, phoneNum=17, points=0, password=, lastPoint=0, lastUseTime=Mon Jul 05 12:10:46 CST 2021), User(id=18, name=王麻子8, phoneNum=18, points=0, password=, lastPoint=0, lastUseTime=Mon Jul 05 12:10:53 CST 2021)], prePage=0, nextPage=2, isFirstPage=true, isLastPage=false, hasPreviousPage=false, hasNextPage=true, navigatePages=8, navigateFirstPage=1, navigateLastPage=2, navigatepageNums=[1, 2]}
2021-07-07 22:32:51.465 [http-nio-8081-exec-9] ERROR c.p.y.s.admin.controller.ManagementController - pageInfo toString()=PageInfo{pageNum=1, pageSize=13, size=13, startRow=1, endRow=13, total=16, pages=2, list=Page{count=true, pageNum=1, pageSize=13, startRow=0, endRow=13, total=16, pages=2, reasonable=false, pageSizeZero=false}[User(id=1, name=邓逸清, phoneNum=18584199952, points=472, password=, lastPoint=50, lastUseTime=Tue Jul 06 15:48:35 CST 2021), User(id=2, name=string, phoneNum=1, points=0, password=, lastPoint=null, lastUseTime=null), User(id=7, name=王五, phoneNum=2, points=0, password=, lastPoint=0, lastUseTime=Sat Jul 03 17:47:51 CST 2021), User(id=9, name=张三, phoneNum=10, points=0, password=, lastPoint=0, lastUseTime=Mon Jul 05 12:04:20 CST 2021), User(id=10, name=王麻子, phoneNum=11, points=0, password=, lastPoint=0, lastUseTime=Mon Jul 05 12:05:13 CST 2021), User(id=11, name=王麻子2, phoneNum=111, points=0, password=, lastPoint=0, lastUseTime=Mon Jul 05 12:05:21 CST 2021), User(id=12, name=王麻子2, phoneNum=12, points=0, password=, lastPoint=0, lastUseTime=Mon Jul 05 12:05:35 CST 2021), User(id=13, name=王麻子3, phoneNum=13, points=0, password=, lastPoint=0, lastUseTime=Mon Jul 05 12:05:45 CST 2021), User(id=14, name=王麻子4, phoneNum=14, points=0, password=, lastPoint=0, lastUseTime=Mon Jul 05 12:05:54 CST 2021), User(id=15, name=王麻子5, phoneNum=15, points=0, password=, lastPoint=0, lastUseTime=Mon Jul 05 12:06:05 CST 2021), User(id=16, name=王麻子6, phoneNum=16, points=0, password=, lastPoint=0, lastUseTime=Mon Jul 05 12:06:15 CST 2021), User(id=17, name=王麻子7, phoneNum=17, points=0, password=, lastPoint=0, lastUseTime=Mon Jul 05 12:10:46 CST 2021), User(id=18, name=王麻子8, phoneNum=18, points=0, password=, lastPoint=0, lastUseTime=Mon Jul 05 12:10:53 CST 2021)], prePage=0, nextPage=2, isFirstPage=true, isLastPage=false, hasPreviousPage=false, hasNextPage=true, navigatePages=8, navigateFirstPage=1, navigateLastPage=2, navigatepageNums=[1, 2]}
2021-07-07 22:33:05.625 [http-nio-8081-exec-10] ERROR c.p.y.s.admin.controller.ManagementController - pageInfo toString()=PageInfo{pageNum=2, pageSize=13, size=3, startRow=14, endRow=16, total=16, pages=2, list=Page{count=true, pageNum=2, pageSize=13, startRow=13, endRow=26, total=16, pages=2, reasonable=false, pageSizeZero=false}[User(id=19, name=王麻子9, phoneNum=19, points=0, password=, lastPoint=0, lastUseTime=Mon Jul 05 12:11:01 CST 2021), User(id=24, name=王麻子20, phoneNum=20, points=0, password=, lastPoint=0, lastUseTime=Mon Jul 05 16:43:59 CST 2021), User(id=25, name=张三, phoneNum=123, points=0, password=, lastPoint=0, lastUseTime=Wed Jul 07 22:09:34 CST 2021)], prePage=1, nextPage=0, isFirstPage=false, isLastPage=true, hasPreviousPage=true, hasNextPage=false, navigatePages=8, navigateFirstPage=1, navigateLastPage=2, navigatepageNums=[1, 2]}
2021-07-07 22:33:07.755 [http-nio-8081-exec-1] ERROR c.p.y.s.admin.controller.ManagementController - pageInfo toString()=PageInfo{pageNum=1, pageSize=13, size=13, startRow=1, endRow=13, total=16, pages=2, list=Page{count=true, pageNum=1, pageSize=13, startRow=0, endRow=13, total=16, pages=2, reasonable=false, pageSizeZero=false}[User(id=1, name=邓逸清, phoneNum=18584199952, points=472, password=, lastPoint=50, lastUseTime=Tue Jul 06 15:48:35 CST 2021), User(id=2, name=string, phoneNum=1, points=0, password=, lastPoint=null, lastUseTime=null), User(id=7, name=王五, phoneNum=2, points=0, password=, lastPoint=0, lastUseTime=Sat Jul 03 17:47:51 CST 2021), User(id=9, name=张三, phoneNum=10, points=0, password=, lastPoint=0, lastUseTime=Mon Jul 05 12:04:20 CST 2021), User(id=10, name=王麻子, phoneNum=11, points=0, password=, lastPoint=0, lastUseTime=Mon Jul 05 12:05:13 CST 2021), User(id=11, name=王麻子2, phoneNum=111, points=0, password=, lastPoint=0, lastUseTime=Mon Jul 05 12:05:21 CST 2021), User(id=12, name=王麻子2, phoneNum=12, points=0, password=, lastPoint=0, lastUseTime=Mon Jul 05 12:05:35 CST 2021), User(id=13, name=王麻子3, phoneNum=13, points=0, password=, lastPoint=0, lastUseTime=Mon Jul 05 12:05:45 CST 2021), User(id=14, name=王麻子4, phoneNum=14, points=0, password=, lastPoint=0, lastUseTime=Mon Jul 05 12:05:54 CST 2021), User(id=15, name=王麻子5, phoneNum=15, points=0, password=, lastPoint=0, lastUseTime=Mon Jul 05 12:06:05 CST 2021), User(id=16, name=王麻子6, phoneNum=16, points=0, password=, lastPoint=0, lastUseTime=Mon Jul 05 12:06:15 CST 2021), User(id=17, name=王麻子7, phoneNum=17, points=0, password=, lastPoint=0, lastUseTime=Mon Jul 05 12:10:46 CST 2021), User(id=18, name=王麻子8, phoneNum=18, points=0, password=, lastPoint=0, lastUseTime=Mon Jul 05 12:10:53 CST 2021)], prePage=0, nextPage=2, isFirstPage=true, isLastPage=false, hasPreviousPage=false, hasNextPage=true, navigatePages=8, navigateFirstPage=1, navigateLastPage=2, navigatepageNums=[1, 2]}
